


ARM Macro Assembler    Page 1 


    1 00000000                 INCLUDE          reg_def.s
    1 00000000         ;AREA    |.text|, CODE, READONLY
    2 00000000         
    3 00000000         ;;;;;;;;;;;;;;;;;;;;;;;;;;;;;;;;;;;;;;;;;;;;;;;;;;;
    4 00000000 50004000 
                       GP_BA   EQU              0x50004000  ;
    5 00000000         
    6 00000000 00000000 
                       GPIOA_PMD
                               EQU              0x000       ;  R/W   GPIO Port 
                                                            A Pin I/O Mode Cont
                                                            rol  0xFFFF_FFFF 
    7 00000000 00000004 
                       GPIOA_OFFD
                               EQU              0x004       ;  R/W   GPIO Port 
                                                            A Pin Digital Input
                                                             Path Disable Contr
                                                            ol  0x0000_0000  
    8 00000000 00000008 
                       GPIOA_DOUT
                               EQU              0x008       ;  R/W   GPIO Port 
                                                            A Data Output Value
                                                              0x0000_FFFF 
    9 00000000 0000000C 
                       GPIOA_DMASK
                               EQU              0x00C       ;  R/W   GPIO Port 
                                                            A Data Output Write
                                                             Mask  0xXXXX_0000 
                                                             
   10 00000000 00000010 
                       GPIOA_PIN
                               EQU              0x010       ;  R  GPIO Port A P
                                                            in Value   0x0000_X
                                                            XXX 
   11 00000000 00000014 
                       GPIOA_DBEN
                               EQU              0x014       ;  R/W   GPIO Port 
                                                            A De - bounce Enabl
                                                            e  0xXXXX_0000  
   12 00000000 00000018 
                       GPIOA_IMD
                               EQU              0x018       ;  R/W   GPIO Port 
                                                            A Interrupt Mode Co
                                                            ntrol  0xXXXX_0000 
                                                             
   13 00000000 0000001C 
                       GPIOA_IEN
                               EQU              0x01C       ;  R/W   GPIO Port 
                                                            A Interrupt Enable 
                                                             0x0000_0000  
   14 00000000 00000020 
                       GPIOA_ISRC
                               EQU              0x020       ;  R/W   GPIO Port 
                                                            A Interrupt Source 
                                                            Flag  0xXXXX_XXXX  
                                                            
   15 00000000 00000040 
                       GPIOB_PMD
                               EQU              0x040       ;  R/W   GPIO Port 



ARM Macro Assembler    Page 2 


                                                            B Pin I/O Mode Cont
                                                            rol  0xFFFF_FFFF 
   16 00000000 00000044 
                       GPIOB_OFFD
                               EQU              0x044       ;  R/W   GPIO Port 
                                                             B Pin Digital Inpu
                                                            t Path Disable Cont
                                                            rol  0x0000_0000  
   17 00000000 00000048 
                       GPIOB_DOUT
                               EQU              0x048       ;  R/W   GPIO Port 
                                                            B Data Output Value
                                                              0x0000_FFFF 
   18 00000000 0000004C 
                       GPIOB_DMASK
                               EQU              0x04C       ;  R/W   GPIO Port 
                                                            B Data Output Write
                                                             Mask  0xXXXX_0000 
                                                             
   19 00000000 00000050 
                       GPIOB_PIN
                               EQU              0x050       ;  R  GPIO Port B P
                                                            in Value   0x0000_X
                                                            XXX 
   20 00000000 00000054 
                       GPIOB_DBEN
                               EQU              0x054       ;  R/W   GPIO Port 
                                                            B De - bounce Enabl
                                                            e  0xXXXX_0000  
   21 00000000 00000058 
                       GPIOB_IMD
                               EQU              0x058       ;  R/W   GPIO Port 
                                                            B Interrupt Mode Co
                                                            ntrol   0xXXXX_0000
                                                              
   22 00000000 0000005C 
                       GPIOB_IEN
                               EQU              0x05C       ;  R/W   GPIO Port 
                                                            B Interrupt Enable 
                                                             0x0000_0000  
   23 00000000 00000060 
                       GPIOB_ISRC
                               EQU              0x060       ;  R/W   GPIO Port 
                                                            B Interrupt Source 
                                                            Flag   0xXXXX_XXXX 
                                                             
   24 00000000 00000080 
                       GPIOC_PMD
                               EQU              0x080       ;  R/W   GPIO Port 
                                                            C  Pin I/O Mode Con
                                                            trol  0xFFFF_FFFF 
   25 00000000 00000084 
                       GPIOC_OFFD
                               EQU              0x084       ;  R/W   GPIO Port 
                                                             C  Pin Digital Inp
                                                            ut Path Disable Con
                                                            trol  0x0000_0000  
                                                            
   26 00000000 00000088 



ARM Macro Assembler    Page 3 


                       GPIOC_DOUT
                               EQU              0x088       ;  R/W   GPIO Port 
                                                            C Data Output Value
                                                               0x0000_FFFF 
   27 00000000 0000008C 
                       GPIOC_DMASK
                               EQU              0x08C       ;  R/W   GPIO Port 
                                                            C Data Output Write
                                                             Mask  0xXXXX_0000 
                                                             
   28 00000000 00000090 
                       GPIOC_PIN
                               EQU              0x090       ;  R  GPIO Port C P
                                                            in Value   0x0000_X
                                                            XXX 
   29 00000000 00000094 
                       GPIOC_DBEN
                               EQU              0x094       ;  R/W   GPIO Port 
                                                            C De- bounce Enable
                                                              0xXXXX_0000  
   30 00000000 00000098 
                       GPIOC_IMD
                               EQU              0x098       ;  R/W   GPIO Port 
                                                            C Interrupt Mode Co
                                                            ntrol  0xXXXX_0000 
                                                             
   31 00000000 0000009C 
                       GPIOC_IEN
                               EQU              0x09C       ;  R/W   GPIO Port 
                                                            C Interrupt Enable 
                                                             0x0000_0000  
   32 00000000 000000A0 
                       GPIOC_ISRC
                               EQU              0x0A0       ;  R/W   GPIO Port 
                                                            C Interrupt Source 
                                                            Flag  0xXXXX_XXXX  
                                                            
   33 00000000 000000C0 
                       GPIOD_PMD
                               EQU              0x0C0       ;  R/W   GPIO Port 
                                                            D  Pin I/O Mode Con
                                                            trol  0xFFFF_FFFF 
   34 00000000 000000C4 
                       GPIOD_OFFD
                               EQU              0x0C4       ;  R/W   GPIO Port 
                                                             D  Pin Digital Inp
                                                            ut Path Disable Con
                                                            trol  0x0000_0000  
                                                            
   35 00000000 000000C8 
                       GPIOD_DOUT
                               EQU              0x0C8       ;  R/W   GPIO Port 
                                                            D Data Output Value
                                                               0x0000_FFFF 
   36 00000000 000000CC 
                       GPIOD_DMASK
                               EQU              0x0CC       ;  R/W   GPIO Port 
                                                            D Data Output Write
                                                             Mask  0xXXXX_0000 



ARM Macro Assembler    Page 4 


                                                             
   37 00000000 000000D0 
                       GPIOD_PIN
                               EQU              0x0D0       ;  R  GPIO Port D P
                                                            in Value   0x0000_X
                                                            XXX 
   38 00000000 000000D4 
                       GPIOD_DBEN
                               EQU              0x0D4       ;  R/W   GPIO Port 
                                                            D De- bounce Enable
                                                               0xXXXX_0000  
   39 00000000 000000D8 
                       GPIOD_IMD
                               EQU              0x0D8       ;  R/W   GPIO Port 
                                                            D Interrupt Mode Co
                                                            ntrol  0xXXXX_0000 
                                                             
   40 00000000 000000DC 
                       GPIOD_IEN
                               EQU              0x0DC       ;  R/W   GPIO Port 
                                                            D Interrupt Enable 
                                                             0x0000_0000  
   41 00000000 000000E0 
                       GPIOD_ISRC
                               EQU              0x0E0       ;  R/W   GPIO Port 
                                                            D Interrupt Source 
                                                            Flag  0xXXXX_XXXX  
                                                            
   42 00000000 00000100 
                       GPIOE_PMD
                               EQU              0x100       ;  R/W   GPIO Port 
                                                            E Pin I/O Mode Cont
                                                            rol  0xFFFF_FFFF 
   43 00000000 00000104 
                       GPIOE_OFFD
                               EQU              0x104       ;  R/W   GPIO Port 
                                                             E Pin Digital Inpu
                                                            t Path Disable Cont
                                                            rol  0x0000_0000  
   44 00000000 00000108 
                       GPIOE_DOUT
                               EQU              0x108       ;  R/W   GPIO Port 
                                                            E Data Output Value
                                                              0x0000_FFFF 
   45 00000000 0000010C 
                       GPIOE_DMASK
                               EQU              0x10C       ;  R/W   GPIO Port 
                                                            E Data Output Write
                                                             Mask  0xXXX X_0000
                                                              
   46 00000000 00000110 
                       GPIOE_PIN
                               EQU              0x110       ;  R  GPIO Port E P
                                                            in Value   0x0000_X
                                                            XXX 
   47 00000000 00000114 
                       GPIOE_DBEN
                               EQU              0x114       ;  R/W   GPIO Port 
                                                            E De - bounce Enabl



ARM Macro Assembler    Page 5 


                                                            e  0xXXXX_0000  
   48 00000000 00000118 
                       GPIOE_IMD
                               EQU              0x118       ;  R/W   GPIO Port 
                                                            E Interrupt Mode Co
                                                            ntrol  0xXXXX_0000 
                                                             
   49 00000000 0000011C 
                       GPIOE_IEN
                               EQU              0x11C       ;  R/W   GPIO Port 
                                                            E Interrupt Enable 
                                                             0x0000_0000  
   50 00000000 00000120 
                       GPIOE_ISRC
                               EQU              0x120       ;  R/W   GPIO Port 
                                                            E Interrupt Source 
                                                            Flag   0xXXXX_XXX
   51 00000000 40050000 
                       UART0_BA
                               EQU              0x40050000  ;
   52 00000000 00000000 
                       UA_RBR  EQU              0x00        ;
   53 00000000 00000000 
                       UA_THR  EQU              0x00        ; W UART Transmit H
                                                            olding Register Und
                                                            efined
   54 00000000 00000004 
                       UA_IER  EQU              0x04        ; R/W UART Interrup
                                                            t Enable Register 0
                                                            x0000_0000
   55 00000000 00000008 
                       UA_FCR  EQU              0x08        ; R/W UART FIFO Con
                                                            trol Register 0x000
                                                            0_01 01
   56 00000000 0000000C 
                       UA_LCR  EQU              0x0C        ; R/W UART Line Con
                                                            trol Register 0x000
                                                            0_0000
   57 00000000 00000010 
                       UA_MCR  EQU              0x10        ; R/W UART Modem Co
                                                            ntrol Register UART
                                                            2: Reserved 0x0000_
                                                            0200
   58 00000000 00000014 
                       UA_MSR  EQU              0x14        ; R/W UART Modem St
                                                            atus Register UART2
                                                            : Reserved 0x0000_0
                                                            11 0
   59 00000000 00000018 
                       UA_FSR  EQU              0x18        ; R/W UART FIFO Sta
                                                            tus Register 0x1040
                                                            _4000
   60 00000000 0000001C 
                       UA_ISR  EQU              0x1C        ; R/W UART Interrup
                                                            t Status Register 0
                                                            x0000_0002
   61 00000000 00000020 
                       UA_TOR  EQU              0x20        ; R/W UART Time Out
                                                             Register 0x0000_00



ARM Macro Assembler    Page 6 


                                                            00
   62 00000000 00000024 
                       UA_BAUD EQU              0x24        ; R/W UART Baud Rat
                                                            e Divisor Register 
                                                            0x0F00_0000
   63 00000000 00000028 
                       UA_IRCR EQU              0x28        ; R/W UART IrDA Con
                                                            trol Register 0x000
                                                            0_0040
   64 00000000 0000002C 
                       UA_ALT_CSR
                               EQU              0x2C        ; R/W UART Alternat
                                                            e Control/Status Re
                                                            gister 0x0000_0000
   65 00000000 00000030 
                       UA_FUN_SEL
                               EQU              0x30        ; R/W UART Function
                                                             Select Register
   66 00000000         
   67 00000000 50000000 
                       GCR_BA  EQU              0x50000000  ;
   68 00000000 00000034 
                       GPB_MFP EQU              0x34        ; R/W GPIOB Multipl
                                                            e Function and Inpu
                                                            t Type Control Regi
                                                            ster
   69 00000000 00000008 
                       IPRSTC1 EQU              0x08        ; R/W IP Reset Cont
                                                            rol Register1 0x000
                                                            0_0000
   70 00000000 0000000C 
                       IPRSTC2 EQU              0x0C        ; R/W IP Reset Cont
                                                            rol Register2
   71 00000000         
   72 00000000         
   73 00000000 50000200 
                       CLK_BA  EQU              0x50000200  ;
   74 00000000         ;PWRCON   EQU  0x00;  R/W  System Power Down Control Reg
                       ister  0x0000_001X
   75 00000000         ;AHBCLK   EQU  0x04;  R/W  AHB Devices Clock Enable Cont
                       rol Register  0x0000_000D
   76 00000000 00000008 
                       APBCLK  EQU              0x08        ;  R/W  APB Devices
                                                             Clock Enable Contr
                                                            ol Register  0x0000
                                                            _000X
   77 00000000 0000000C 
                       CLKSTATUS
                               EQU              0x0C        ;  R/W  Clock statu
                                                            s monitor Register 
                                                             0x0000_00XX
   78 00000000 00000010 
                       CLKSEL0 EQU              0x10        ;  R/W  Clock Sourc
                                                            e Select Control Re
                                                            gister 0  0x0000_00
                                                            3X
   79 00000000 00000014 
                       CLKSEL1 EQU              0x14        ;  R/W  Clock Sourc
                                                            e SelectControl Reg



ARM Macro Assembler    Page 7 


                                                            ister 1  0xFFFF_FFF
                                                            F
   80 00000000 0000001C 
                       CLKSEL2 EQU              0x1C        ;  R/W  Clock Sourc
                                                            e Select Control Re
                                                            gister 2  0x0000_00
                                                            FF
   81 00000000 00000018 
                       CLKDIV  EQU              0x18        ;  R/W  Clock Divid
                                                            erNumber Register  
                                                            0x0000_0000 
   82 00000000 00000020 
                       PLLCON  EQU              0x20        ;  R/W  PLL Control
                                                             Register  0x0005_C
                                                            22E
   83 00000000 00000024 
                       FRQDIV  EQU              0x24        ;  R/W  Frequency D
                                                            ivider Control Regi
                                                            ster  0x0000_0000
   84 00000000         
   85 00000000 E000E000 
                       SCS_BA  EQU              0xE000E000  ;
   86 00000000 00000010 
                       SYST_CSR
                               EQU              0x10        ;  R/W  SysTick Con
                                                            trol and Status Reg
                                                            ister  0x0000_0000
   87 00000000 00000014 
                       SYST_RVR
                               EQU              0x14        ;  R/W  SysTick Rel
                                                            oad value Register 
                                                             0xXXXX_XXXX
   88 00000000 00000018 
                       SYST_CVR
                               EQU              0x18        ;  R/W  SysTick Cur
                                                            rent value Register
                                                              0xXXXX_XXXX
   89 00000000         
   90 00000000         ;;;;;;;;;;;;;;;;;;;;;;;;;;;;;;;;;;;;;;;;;;;;;;;;;;;
   91 00000000         
   92 00000000                 END
    2 00000000                 AREA             |.text|, CODE, READONLY
    3 00000000         
    4 00000000         __main  PROC
    5 00000000                 EXPORT           __main             [WEAK]
    6 00000000         
    7 00000000 000000B4 
                       Kol     EQU              180
    8 00000000         
    9 00000000         
   10 00000000         
   11 00000000 25B4            MOVS             R5, #Kol
   12 00000002         count1
   13 00000002 2405            MOVS             R4, #5
   14 00000004         Blinky_loop1
   15 00000004 4820            LDR              R0, =SCS_BA
   16 00000006 4921            LDR              R1, =5
   17 00000008         Blinky_inner_loop11
   18 00000008         Blinky_inner_loop12



ARM Macro Assembler    Page 8 


   19 00000008 4A21            LDR              R2, =0x10000
   20 0000000A 6903            LDR              R3, [R0, #SYST_CSR]
   21 0000000C 4213            TST              R3, R2
   22 0000000E D0FB            BEQ              Blinky_inner_loop12
   23 00000010 1E49            SUBS             R1, R1, #1
   24 00000012 D1F9            BNE              Blinky_inner_loop11
   25 00000014         
   26 00000014         
   27 00000014 491F            LDR              R1, =GP_BA
   28 00000016 4A20            LDR              R2, =GPIOA_DOUT ; Step Motor
   29 00000018 2C01            CMP              R4, #1
   30 0000001A D101            BNE              subcount13
   31 0000001C 2308            MOVS             R3, #8
   32 0000001E 508B            STR              R3, [R1, R2]
   33 00000020         subcount13
   34 00000020 2C02            CMP              R4, #2
   35 00000022 D101            BNE              subcount12
   36 00000024 2301            MOVS             R3, #1
   37 00000026 508B            STR              R3, [R1, R2]
   38 00000028         subcount12
   39 00000028 2C03            CMP              R4, #3
   40 0000002A D101            BNE              subcount11
   41 0000002C 2304            MOVS             R3, #4
   42 0000002E 508B            STR              R3, [R1, R2]
   43 00000030         subcount11
   44 00000030 2C04            CMP              R4, #4
   45 00000032 D101            BNE              subcount10
   46 00000034 2302            MOVS             R3, #2
   47 00000036 508B            STR              R3, [R1, R2]
   48 00000038         subcount10
   49 00000038 3D01            SUBS             R5, #1
   50 0000003A D003            BEQ              count2_2
   51 0000003C 3C01            SUBS             R4, #1
   52 0000003E 2C00            CMP              R4, #0
   53 00000040 D0DF            BEQ              count1
   54 00000042 E7DF            B                Blinky_loop1
   55 00000044         
   56 00000044         count2_2
   57 00000044 2404            MOVS             R4, #4
   58 00000046         Blinky_loop2
   59 00000046 4810            LDR              R0, =SCS_BA
   60 00000048 4910            LDR              R1, =5
   61 0000004A         Blinky_inner_loop21
   62 0000004A         Blinky_inner_loop22
   63 0000004A 4A11            LDR              R2, =0x10000
   64 0000004C 6903            LDR              R3, [R0, #SYST_CSR]
   65 0000004E 4213            TST              R3, R2
   66 00000050 D0FB            BEQ              Blinky_inner_loop22
   67 00000052 1E49            SUBS             R1, R1, #1
   68 00000054 D1F9            BNE              Blinky_inner_loop21
   69 00000056         
   70 00000056 490F            LDR              R1, =GP_BA
   71 00000058 4A0F            LDR              R2, =GPIOA_DOUT ; Step Motor
   72 0000005A 2C01            CMP              R4, #1
   73 0000005C D101            BNE              subcount23
   74 0000005E 2302            MOVS             R3, #2
   75 00000060 508B            STR              R3, [R1, R2]
   76 00000062         subcount23
   77 00000062 2C02            CMP              R4, #2



ARM Macro Assembler    Page 9 


   78 00000064 D101            BNE              subcount22
   79 00000066 2304            MOVS             R3, #4
   80 00000068 508B            STR              R3, [R1, R2]
   81 0000006A         subcount22
   82 0000006A 2C03            CMP              R4, #3
   83 0000006C D101            BNE              subcount21
   84 0000006E 2301            MOVS             R3, #1
   85 00000070 508B            STR              R3, [R1, R2]
   86 00000072         subcount21
   87 00000072 2C04            CMP              R4, #4
   88 00000074 D101            BNE              subcount20
   89 00000076 2308            MOVS             R3, #8
   90 00000078 508B            STR              R3, [R1, R2]
   91 0000007A         subcount20
   92 0000007A 3501            ADDS             R5, #1
   93 0000007C 2DB4            CMP              R5, #Kol
   94 0000007E D0C0            BEQ              count1
   95 00000080         
   96 00000080 3C01            SUBS             R4, #1
   97 00000082 2C00            CMP              R4, #0
   98 00000084 D0DE            BEQ              count2_2
   99 00000086         
  100 00000086 E7DE            B                Blinky_loop2
  101 00000088         
  102 00000088                 ENDP
  103 00000088                 END
              E000E000 
              00000005 
              00010000 
              50004000 
              00000008 
Command Line: --debug --xref --cpu=Cortex-M0 --apcs=interwork --depend=.\object
s\main.d -o.\objects\main.o -IC:\Keil_v5\ARM\RV31\INC -IC:\Keil_v5\ARM\PACK\ARM
\CMSIS\4.1.0\CMSIS\Include -IC:\Keil_v5\ARM\PACK\Nuvoton\NuMicro_DFP\1.0.2\Devi
ce\NUC100\Include --predefine="__EVAL SETA 1" --list=.\listings\main.lst main.s



ARM Macro Assembler    Page 1 Alphabetic symbol ordering
Relocatable symbols

.text 00000000

Symbol: .text
   Definitions
      At line 2 in file main.s
   Uses
      None
Comment: .text unused
Blinky_inner_loop11 00000008

Symbol: Blinky_inner_loop11
   Definitions
      At line 17 in file main.s
   Uses
      At line 24 in file main.s
Comment: Blinky_inner_loop11 used once
Blinky_inner_loop12 00000008

Symbol: Blinky_inner_loop12
   Definitions
      At line 18 in file main.s
   Uses
      At line 22 in file main.s
Comment: Blinky_inner_loop12 used once
Blinky_inner_loop21 0000004A

Symbol: Blinky_inner_loop21
   Definitions
      At line 61 in file main.s
   Uses
      At line 68 in file main.s
Comment: Blinky_inner_loop21 used once
Blinky_inner_loop22 0000004A

Symbol: Blinky_inner_loop22
   Definitions
      At line 62 in file main.s
   Uses
      At line 66 in file main.s
Comment: Blinky_inner_loop22 used once
Blinky_loop1 00000004

Symbol: Blinky_loop1
   Definitions
      At line 14 in file main.s
   Uses
      At line 54 in file main.s
Comment: Blinky_loop1 used once
Blinky_loop2 00000046

Symbol: Blinky_loop2
   Definitions
      At line 58 in file main.s
   Uses
      At line 100 in file main.s
Comment: Blinky_loop2 used once
__main 00000000

Symbol: __main



ARM Macro Assembler    Page 2 Alphabetic symbol ordering
Relocatable symbols

   Definitions
      At line 4 in file main.s
   Uses
      At line 5 in file main.s
Comment: __main used once
count1 00000002

Symbol: count1
   Definitions
      At line 12 in file main.s
   Uses
      At line 53 in file main.s
      At line 94 in file main.s

count2_2 00000044

Symbol: count2_2
   Definitions
      At line 56 in file main.s
   Uses
      At line 50 in file main.s
      At line 98 in file main.s

subcount10 00000038

Symbol: subcount10
   Definitions
      At line 48 in file main.s
   Uses
      At line 45 in file main.s
Comment: subcount10 used once
subcount11 00000030

Symbol: subcount11
   Definitions
      At line 43 in file main.s
   Uses
      At line 40 in file main.s
Comment: subcount11 used once
subcount12 00000028

Symbol: subcount12
   Definitions
      At line 38 in file main.s
   Uses
      At line 35 in file main.s
Comment: subcount12 used once
subcount13 00000020

Symbol: subcount13
   Definitions
      At line 33 in file main.s
   Uses
      At line 30 in file main.s
Comment: subcount13 used once
subcount20 0000007A

Symbol: subcount20
   Definitions



ARM Macro Assembler    Page 3 Alphabetic symbol ordering
Relocatable symbols

      At line 91 in file main.s
   Uses
      At line 88 in file main.s
Comment: subcount20 used once
subcount21 00000072

Symbol: subcount21
   Definitions
      At line 86 in file main.s
   Uses
      At line 83 in file main.s
Comment: subcount21 used once
subcount22 0000006A

Symbol: subcount22
   Definitions
      At line 81 in file main.s
   Uses
      At line 78 in file main.s
Comment: subcount22 used once
subcount23 00000062

Symbol: subcount23
   Definitions
      At line 76 in file main.s
   Uses
      At line 73 in file main.s
Comment: subcount23 used once
18 symbols



ARM Macro Assembler    Page 1 Alphabetic symbol ordering
Absolute symbols

APBCLK 00000008

Symbol: APBCLK
   Definitions
      At line 76 in file reg_def.s
   Uses
      None
Comment: APBCLK unused
CLKDIV 00000018

Symbol: CLKDIV
   Definitions
      At line 81 in file reg_def.s
   Uses
      None
Comment: CLKDIV unused
CLKSEL0 00000010

Symbol: CLKSEL0
   Definitions
      At line 78 in file reg_def.s
   Uses
      None
Comment: CLKSEL0 unused
CLKSEL1 00000014

Symbol: CLKSEL1
   Definitions
      At line 79 in file reg_def.s
   Uses
      None
Comment: CLKSEL1 unused
CLKSEL2 0000001C

Symbol: CLKSEL2
   Definitions
      At line 80 in file reg_def.s
   Uses
      None
Comment: CLKSEL2 unused
CLKSTATUS 0000000C

Symbol: CLKSTATUS
   Definitions
      At line 77 in file reg_def.s
   Uses
      None
Comment: CLKSTATUS unused
CLK_BA 50000200

Symbol: CLK_BA
   Definitions
      At line 73 in file reg_def.s
   Uses
      None
Comment: CLK_BA unused
FRQDIV 00000024

Symbol: FRQDIV



ARM Macro Assembler    Page 2 Alphabetic symbol ordering
Absolute symbols

   Definitions
      At line 83 in file reg_def.s
   Uses
      None
Comment: FRQDIV unused
GCR_BA 50000000

Symbol: GCR_BA
   Definitions
      At line 67 in file reg_def.s
   Uses
      None
Comment: GCR_BA unused
GPB_MFP 00000034

Symbol: GPB_MFP
   Definitions
      At line 68 in file reg_def.s
   Uses
      None
Comment: GPB_MFP unused
GPIOA_DBEN 00000014

Symbol: GPIOA_DBEN
   Definitions
      At line 11 in file reg_def.s
   Uses
      None
Comment: GPIOA_DBEN unused
GPIOA_DMASK 0000000C

Symbol: GPIOA_DMASK
   Definitions
      At line 9 in file reg_def.s
   Uses
      None
Comment: GPIOA_DMASK unused
GPIOA_DOUT 00000008

Symbol: GPIOA_DOUT
   Definitions
      At line 8 in file reg_def.s
   Uses
      At line 28 in file main.s
      At line 71 in file main.s

GPIOA_IEN 0000001C

Symbol: GPIOA_IEN
   Definitions
      At line 13 in file reg_def.s
   Uses
      None
Comment: GPIOA_IEN unused
GPIOA_IMD 00000018

Symbol: GPIOA_IMD
   Definitions
      At line 12 in file reg_def.s



ARM Macro Assembler    Page 3 Alphabetic symbol ordering
Absolute symbols

   Uses
      None
Comment: GPIOA_IMD unused
GPIOA_ISRC 00000020

Symbol: GPIOA_ISRC
   Definitions
      At line 14 in file reg_def.s
   Uses
      None
Comment: GPIOA_ISRC unused
GPIOA_OFFD 00000004

Symbol: GPIOA_OFFD
   Definitions
      At line 7 in file reg_def.s
   Uses
      None
Comment: GPIOA_OFFD unused
GPIOA_PIN 00000010

Symbol: GPIOA_PIN
   Definitions
      At line 10 in file reg_def.s
   Uses
      None
Comment: GPIOA_PIN unused
GPIOA_PMD 00000000

Symbol: GPIOA_PMD
   Definitions
      At line 6 in file reg_def.s
   Uses
      None
Comment: GPIOA_PMD unused
GPIOB_DBEN 00000054

Symbol: GPIOB_DBEN
   Definitions
      At line 20 in file reg_def.s
   Uses
      None
Comment: GPIOB_DBEN unused
GPIOB_DMASK 0000004C

Symbol: GPIOB_DMASK
   Definitions
      At line 18 in file reg_def.s
   Uses
      None
Comment: GPIOB_DMASK unused
GPIOB_DOUT 00000048

Symbol: GPIOB_DOUT
   Definitions
      At line 17 in file reg_def.s
   Uses
      None
Comment: GPIOB_DOUT unused



ARM Macro Assembler    Page 4 Alphabetic symbol ordering
Absolute symbols

GPIOB_IEN 0000005C

Symbol: GPIOB_IEN
   Definitions
      At line 22 in file reg_def.s
   Uses
      None
Comment: GPIOB_IEN unused
GPIOB_IMD 00000058

Symbol: GPIOB_IMD
   Definitions
      At line 21 in file reg_def.s
   Uses
      None
Comment: GPIOB_IMD unused
GPIOB_ISRC 00000060

Symbol: GPIOB_ISRC
   Definitions
      At line 23 in file reg_def.s
   Uses
      None
Comment: GPIOB_ISRC unused
GPIOB_OFFD 00000044

Symbol: GPIOB_OFFD
   Definitions
      At line 16 in file reg_def.s
   Uses
      None
Comment: GPIOB_OFFD unused
GPIOB_PIN 00000050

Symbol: GPIOB_PIN
   Definitions
      At line 19 in file reg_def.s
   Uses
      None
Comment: GPIOB_PIN unused
GPIOB_PMD 00000040

Symbol: GPIOB_PMD
   Definitions
      At line 15 in file reg_def.s
   Uses
      None
Comment: GPIOB_PMD unused
GPIOC_DBEN 00000094

Symbol: GPIOC_DBEN
   Definitions
      At line 29 in file reg_def.s
   Uses
      None
Comment: GPIOC_DBEN unused
GPIOC_DMASK 0000008C

Symbol: GPIOC_DMASK



ARM Macro Assembler    Page 5 Alphabetic symbol ordering
Absolute symbols

   Definitions
      At line 27 in file reg_def.s
   Uses
      None
Comment: GPIOC_DMASK unused
GPIOC_DOUT 00000088

Symbol: GPIOC_DOUT
   Definitions
      At line 26 in file reg_def.s
   Uses
      None
Comment: GPIOC_DOUT unused
GPIOC_IEN 0000009C

Symbol: GPIOC_IEN
   Definitions
      At line 31 in file reg_def.s
   Uses
      None
Comment: GPIOC_IEN unused
GPIOC_IMD 00000098

Symbol: GPIOC_IMD
   Definitions
      At line 30 in file reg_def.s
   Uses
      None
Comment: GPIOC_IMD unused
GPIOC_ISRC 000000A0

Symbol: GPIOC_ISRC
   Definitions
      At line 32 in file reg_def.s
   Uses
      None
Comment: GPIOC_ISRC unused
GPIOC_OFFD 00000084

Symbol: GPIOC_OFFD
   Definitions
      At line 25 in file reg_def.s
   Uses
      None
Comment: GPIOC_OFFD unused
GPIOC_PIN 00000090

Symbol: GPIOC_PIN
   Definitions
      At line 28 in file reg_def.s
   Uses
      None
Comment: GPIOC_PIN unused
GPIOC_PMD 00000080

Symbol: GPIOC_PMD
   Definitions
      At line 24 in file reg_def.s
   Uses



ARM Macro Assembler    Page 6 Alphabetic symbol ordering
Absolute symbols

      None
Comment: GPIOC_PMD unused
GPIOD_DBEN 000000D4

Symbol: GPIOD_DBEN
   Definitions
      At line 38 in file reg_def.s
   Uses
      None
Comment: GPIOD_DBEN unused
GPIOD_DMASK 000000CC

Symbol: GPIOD_DMASK
   Definitions
      At line 36 in file reg_def.s
   Uses
      None
Comment: GPIOD_DMASK unused
GPIOD_DOUT 000000C8

Symbol: GPIOD_DOUT
   Definitions
      At line 35 in file reg_def.s
   Uses
      None
Comment: GPIOD_DOUT unused
GPIOD_IEN 000000DC

Symbol: GPIOD_IEN
   Definitions
      At line 40 in file reg_def.s
   Uses
      None
Comment: GPIOD_IEN unused
GPIOD_IMD 000000D8

Symbol: GPIOD_IMD
   Definitions
      At line 39 in file reg_def.s
   Uses
      None
Comment: GPIOD_IMD unused
GPIOD_ISRC 000000E0

Symbol: GPIOD_ISRC
   Definitions
      At line 41 in file reg_def.s
   Uses
      None
Comment: GPIOD_ISRC unused
GPIOD_OFFD 000000C4

Symbol: GPIOD_OFFD
   Definitions
      At line 34 in file reg_def.s
   Uses
      None
Comment: GPIOD_OFFD unused
GPIOD_PIN 000000D0



ARM Macro Assembler    Page 7 Alphabetic symbol ordering
Absolute symbols


Symbol: GPIOD_PIN
   Definitions
      At line 37 in file reg_def.s
   Uses
      None
Comment: GPIOD_PIN unused
GPIOD_PMD 000000C0

Symbol: GPIOD_PMD
   Definitions
      At line 33 in file reg_def.s
   Uses
      None
Comment: GPIOD_PMD unused
GPIOE_DBEN 00000114

Symbol: GPIOE_DBEN
   Definitions
      At line 47 in file reg_def.s
   Uses
      None
Comment: GPIOE_DBEN unused
GPIOE_DMASK 0000010C

Symbol: GPIOE_DMASK
   Definitions
      At line 45 in file reg_def.s
   Uses
      None
Comment: GPIOE_DMASK unused
GPIOE_DOUT 00000108

Symbol: GPIOE_DOUT
   Definitions
      At line 44 in file reg_def.s
   Uses
      None
Comment: GPIOE_DOUT unused
GPIOE_IEN 0000011C

Symbol: GPIOE_IEN
   Definitions
      At line 49 in file reg_def.s
   Uses
      None
Comment: GPIOE_IEN unused
GPIOE_IMD 00000118

Symbol: GPIOE_IMD
   Definitions
      At line 48 in file reg_def.s
   Uses
      None
Comment: GPIOE_IMD unused
GPIOE_ISRC 00000120

Symbol: GPIOE_ISRC
   Definitions



ARM Macro Assembler    Page 8 Alphabetic symbol ordering
Absolute symbols

      At line 50 in file reg_def.s
   Uses
      None
Comment: GPIOE_ISRC unused
GPIOE_OFFD 00000104

Symbol: GPIOE_OFFD
   Definitions
      At line 43 in file reg_def.s
   Uses
      None
Comment: GPIOE_OFFD unused
GPIOE_PIN 00000110

Symbol: GPIOE_PIN
   Definitions
      At line 46 in file reg_def.s
   Uses
      None
Comment: GPIOE_PIN unused
GPIOE_PMD 00000100

Symbol: GPIOE_PMD
   Definitions
      At line 42 in file reg_def.s
   Uses
      None
Comment: GPIOE_PMD unused
GP_BA 50004000

Symbol: GP_BA
   Definitions
      At line 4 in file reg_def.s
   Uses
      At line 27 in file main.s
      At line 70 in file main.s

IPRSTC1 00000008

Symbol: IPRSTC1
   Definitions
      At line 69 in file reg_def.s
   Uses
      None
Comment: IPRSTC1 unused
IPRSTC2 0000000C

Symbol: IPRSTC2
   Definitions
      At line 70 in file reg_def.s
   Uses
      None
Comment: IPRSTC2 unused
Kol 000000B4

Symbol: Kol
   Definitions
      At line 7 in file main.s
   Uses



ARM Macro Assembler    Page 9 Alphabetic symbol ordering
Absolute symbols

      At line 11 in file main.s
      At line 93 in file main.s

PLLCON 00000020

Symbol: PLLCON
   Definitions
      At line 82 in file reg_def.s
   Uses
      None
Comment: PLLCON unused
SCS_BA E000E000

Symbol: SCS_BA
   Definitions
      At line 85 in file reg_def.s
   Uses
      At line 15 in file main.s
      At line 59 in file main.s

SYST_CSR 00000010

Symbol: SYST_CSR
   Definitions
      At line 86 in file reg_def.s
   Uses
      At line 20 in file main.s
      At line 64 in file main.s

SYST_CVR 00000018

Symbol: SYST_CVR
   Definitions
      At line 88 in file reg_def.s
   Uses
      None
Comment: SYST_CVR unused
SYST_RVR 00000014

Symbol: SYST_RVR
   Definitions
      At line 87 in file reg_def.s
   Uses
      None
Comment: SYST_RVR unused
UART0_BA 40050000

Symbol: UART0_BA
   Definitions
      At line 51 in file reg_def.s
   Uses
      None
Comment: UART0_BA unused
UA_ALT_CSR 0000002C

Symbol: UA_ALT_CSR
   Definitions
      At line 64 in file reg_def.s
   Uses



ARM Macro Assembler    Page 10 Alphabetic symbol ordering
Absolute symbols

      None
Comment: UA_ALT_CSR unused
UA_BAUD 00000024

Symbol: UA_BAUD
   Definitions
      At line 62 in file reg_def.s
   Uses
      None
Comment: UA_BAUD unused
UA_FCR 00000008

Symbol: UA_FCR
   Definitions
      At line 55 in file reg_def.s
   Uses
      None
Comment: UA_FCR unused
UA_FSR 00000018

Symbol: UA_FSR
   Definitions
      At line 59 in file reg_def.s
   Uses
      None
Comment: UA_FSR unused
UA_FUN_SEL 00000030

Symbol: UA_FUN_SEL
   Definitions
      At line 65 in file reg_def.s
   Uses
      None
Comment: UA_FUN_SEL unused
UA_IER 00000004

Symbol: UA_IER
   Definitions
      At line 54 in file reg_def.s
   Uses
      None
Comment: UA_IER unused
UA_IRCR 00000028

Symbol: UA_IRCR
   Definitions
      At line 63 in file reg_def.s
   Uses
      None
Comment: UA_IRCR unused
UA_ISR 0000001C

Symbol: UA_ISR
   Definitions
      At line 60 in file reg_def.s
   Uses
      None
Comment: UA_ISR unused
UA_LCR 0000000C



ARM Macro Assembler    Page 11 Alphabetic symbol ordering
Absolute symbols


Symbol: UA_LCR
   Definitions
      At line 56 in file reg_def.s
   Uses
      None
Comment: UA_LCR unused
UA_MCR 00000010

Symbol: UA_MCR
   Definitions
      At line 57 in file reg_def.s
   Uses
      None
Comment: UA_MCR unused
UA_MSR 00000014

Symbol: UA_MSR
   Definitions
      At line 58 in file reg_def.s
   Uses
      None
Comment: UA_MSR unused
UA_RBR 00000000

Symbol: UA_RBR
   Definitions
      At line 52 in file reg_def.s
   Uses
      None
Comment: UA_RBR unused
UA_THR 00000000

Symbol: UA_THR
   Definitions
      At line 53 in file reg_def.s
   Uses
      None
Comment: UA_THR unused
UA_TOR 00000020

Symbol: UA_TOR
   Definitions
      At line 61 in file reg_def.s
   Uses
      None
Comment: UA_TOR unused
79 symbols
430 symbols in table
