


ARM Macro Assembler    Page 1 


    1 00000000                 INCLUDE          reg_def.s
    1 00000000         ;AREA    |.text|, CODE, READONLY
    2 00000000         
    3 00000000         ;;;;;;;;;;;;;;;;;;;;;;;;;;;;;;;;;;;;;;;;;;;;;;;;;;;
    4 00000000 50004000 
                       GP_BA   EQU              0x50004000  ;
    5 00000000         
    6 00000000 00000000 
                       GPIOA_PMD
                               EQU              0x000       ;  R/W   GPIO Port 
                                                            A Pin I/O Mode Cont
                                                            rol  0xFFFF_FFFF 
    7 00000000 00000004 
                       GPIOA_OFFD
                               EQU              0x004       ;  R/W   GPIO Port 
                                                            A Pin Digital Input
                                                             Path Disable Contr
                                                            ol  0x0000_0000  
    8 00000000 00000008 
                       GPIOA_DOUT
                               EQU              0x008       ;  R/W   GPIO Port 
                                                            A Data Output Value
                                                              0x0000_FFFF 
    9 00000000 0000000C 
                       GPIOA_DMASK
                               EQU              0x00C       ;  R/W   GPIO Port 
                                                            A Data Output Write
                                                             Mask  0xXXXX_0000 
                                                             
   10 00000000 00000010 
                       GPIOA_PIN
                               EQU              0x010       ;  R  GPIO Port A P
                                                            in Value   0x0000_X
                                                            XXX 
   11 00000000 00000014 
                       GPIOA_DBEN
                               EQU              0x014       ;  R/W   GPIO Port 
                                                            A De - bounce Enabl
                                                            e  0xXXXX_0000  
   12 00000000 00000018 
                       GPIOA_IMD
                               EQU              0x018       ;  R/W   GPIO Port 
                                                            A Interrupt Mode Co
                                                            ntrol  0xXXXX_0000 
                                                             
   13 00000000 0000001C 
                       GPIOA_IEN
                               EQU              0x01C       ;  R/W   GPIO Port 
                                                            A Interrupt Enable 
                                                             0x0000_0000  
   14 00000000 00000020 
                       GPIOA_ISRC
                               EQU              0x020       ;  R/W   GPIO Port 
                                                            A Interrupt Source 
                                                            Flag  0xXXXX_XXXX  
                                                            
   15 00000000 00000040 
                       GPIOB_PMD
                               EQU              0x040       ;  R/W   GPIO Port 



ARM Macro Assembler    Page 2 


                                                            B Pin I/O Mode Cont
                                                            rol  0xFFFF_FFFF 
   16 00000000 00000044 
                       GPIOB_OFFD
                               EQU              0x044       ;  R/W   GPIO Port 
                                                             B Pin Digital Inpu
                                                            t Path Disable Cont
                                                            rol  0x0000_0000  
   17 00000000 00000048 
                       GPIOB_DOUT
                               EQU              0x048       ;  R/W   GPIO Port 
                                                            B Data Output Value
                                                              0x0000_FFFF 
   18 00000000 0000004C 
                       GPIOB_DMASK
                               EQU              0x04C       ;  R/W   GPIO Port 
                                                            B Data Output Write
                                                             Mask  0xXXXX_0000 
                                                             
   19 00000000 00000050 
                       GPIOB_PIN
                               EQU              0x050       ;  R  GPIO Port B P
                                                            in Value   0x0000_X
                                                            XXX 
   20 00000000 00000054 
                       GPIOB_DBEN
                               EQU              0x054       ;  R/W   GPIO Port 
                                                            B De - bounce Enabl
                                                            e  0xXXXX_0000  
   21 00000000 00000058 
                       GPIOB_IMD
                               EQU              0x058       ;  R/W   GPIO Port 
                                                            B Interrupt Mode Co
                                                            ntrol   0xXXXX_0000
                                                              
   22 00000000 0000005C 
                       GPIOB_IEN
                               EQU              0x05C       ;  R/W   GPIO Port 
                                                            B Interrupt Enable 
                                                             0x0000_0000  
   23 00000000 00000060 
                       GPIOB_ISRC
                               EQU              0x060       ;  R/W   GPIO Port 
                                                            B Interrupt Source 
                                                            Flag   0xXXXX_XXXX 
                                                             
   24 00000000 00000080 
                       GPIOC_PMD
                               EQU              0x080       ;  R/W   GPIO Port 
                                                            C  Pin I/O Mode Con
                                                            trol  0xFFFF_FFFF 
   25 00000000 00000084 
                       GPIOC_OFFD
                               EQU              0x084       ;  R/W   GPIO Port 
                                                             C  Pin Digital Inp
                                                            ut Path Disable Con
                                                            trol  0x0000_0000  
                                                            
   26 00000000 00000088 



ARM Macro Assembler    Page 3 


                       GPIOC_DOUT
                               EQU              0x088       ;  R/W   GPIO Port 
                                                            C Data Output Value
                                                               0x0000_FFFF 
   27 00000000 0000008C 
                       GPIOC_DMASK
                               EQU              0x08C       ;  R/W   GPIO Port 
                                                            C Data Output Write
                                                             Mask  0xXXXX_0000 
                                                             
   28 00000000 00000090 
                       GPIOC_PIN
                               EQU              0x090       ;  R  GPIO Port C P
                                                            in Value   0x0000_X
                                                            XXX 
   29 00000000 00000094 
                       GPIOC_DBEN
                               EQU              0x094       ;  R/W   GPIO Port 
                                                            C De- bounce Enable
                                                              0xXXXX_0000  
   30 00000000 00000098 
                       GPIOC_IMD
                               EQU              0x098       ;  R/W   GPIO Port 
                                                            C Interrupt Mode Co
                                                            ntrol  0xXXXX_0000 
                                                             
   31 00000000 0000009C 
                       GPIOC_IEN
                               EQU              0x09C       ;  R/W   GPIO Port 
                                                            C Interrupt Enable 
                                                             0x0000_0000  
   32 00000000 000000A0 
                       GPIOC_ISRC
                               EQU              0x0A0       ;  R/W   GPIO Port 
                                                            C Interrupt Source 
                                                            Flag  0xXXXX_XXXX  
                                                            
   33 00000000 000000C0 
                       GPIOD_PMD
                               EQU              0x0C0       ;  R/W   GPIO Port 
                                                            D  Pin I/O Mode Con
                                                            trol  0xFFFF_FFFF 
   34 00000000 000000C4 
                       GPIOD_OFFD
                               EQU              0x0C4       ;  R/W   GPIO Port 
                                                             D  Pin Digital Inp
                                                            ut Path Disable Con
                                                            trol  0x0000_0000  
                                                            
   35 00000000 000000C8 
                       GPIOD_DOUT
                               EQU              0x0C8       ;  R/W   GPIO Port 
                                                            D Data Output Value
                                                               0x0000_FFFF 
   36 00000000 000000CC 
                       GPIOD_DMASK
                               EQU              0x0CC       ;  R/W   GPIO Port 
                                                            D Data Output Write
                                                             Mask  0xXXXX_0000 



ARM Macro Assembler    Page 4 


                                                             
   37 00000000 000000D0 
                       GPIOD_PIN
                               EQU              0x0D0       ;  R  GPIO Port D P
                                                            in Value   0x0000_X
                                                            XXX 
   38 00000000 000000D4 
                       GPIOD_DBEN
                               EQU              0x0D4       ;  R/W   GPIO Port 
                                                            D De- bounce Enable
                                                               0xXXXX_0000  
   39 00000000 000000D8 
                       GPIOD_IMD
                               EQU              0x0D8       ;  R/W   GPIO Port 
                                                            D Interrupt Mode Co
                                                            ntrol  0xXXXX_0000 
                                                             
   40 00000000 000000DC 
                       GPIOD_IEN
                               EQU              0x0DC       ;  R/W   GPIO Port 
                                                            D Interrupt Enable 
                                                             0x0000_0000  
   41 00000000 000000E0 
                       GPIOD_ISRC
                               EQU              0x0E0       ;  R/W   GPIO Port 
                                                            D Interrupt Source 
                                                            Flag  0xXXXX_XXXX  
                                                            
   42 00000000 00000100 
                       GPIOE_PMD
                               EQU              0x100       ;  R/W   GPIO Port 
                                                            E Pin I/O Mode Cont
                                                            rol  0xFFFF_FFFF 
   43 00000000 00000104 
                       GPIOE_OFFD
                               EQU              0x104       ;  R/W   GPIO Port 
                                                             E Pin Digital Inpu
                                                            t Path Disable Cont
                                                            rol  0x0000_0000  
   44 00000000 00000108 
                       GPIOE_DOUT
                               EQU              0x108       ;  R/W   GPIO Port 
                                                            E Data Output Value
                                                              0x0000_FFFF 
   45 00000000 0000010C 
                       GPIOE_DMASK
                               EQU              0x10C       ;  R/W   GPIO Port 
                                                            E Data Output Write
                                                             Mask  0xXXX X_0000
                                                              
   46 00000000 00000110 
                       GPIOE_PIN
                               EQU              0x110       ;  R  GPIO Port E P
                                                            in Value   0x0000_X
                                                            XXX 
   47 00000000 00000114 
                       GPIOE_DBEN
                               EQU              0x114       ;  R/W   GPIO Port 
                                                            E De - bounce Enabl



ARM Macro Assembler    Page 5 


                                                            e  0xXXXX_0000  
   48 00000000 00000118 
                       GPIOE_IMD
                               EQU              0x118       ;  R/W   GPIO Port 
                                                            E Interrupt Mode Co
                                                            ntrol  0xXXXX_0000 
                                                             
   49 00000000 0000011C 
                       GPIOE_IEN
                               EQU              0x11C       ;  R/W   GPIO Port 
                                                            E Interrupt Enable 
                                                             0x0000_0000  
   50 00000000 00000120 
                       GPIOE_ISRC
                               EQU              0x120       ;  R/W   GPIO Port 
                                                            E Interrupt Source 
                                                            Flag   0xXXXX_XXX
   51 00000000 40050000 
                       UART0_BA
                               EQU              0x40050000  ;
   52 00000000 00000000 
                       UA_RBR  EQU              0x00        ;
   53 00000000 00000000 
                       UA_THR  EQU              0x00        ; W UART Transmit H
                                                            olding Register Und
                                                            efined
   54 00000000 00000004 
                       UA_IER  EQU              0x04        ; R/W UART Interrup
                                                            t Enable Register 0
                                                            x0000_0000
   55 00000000 00000008 
                       UA_FCR  EQU              0x08        ; R/W UART FIFO Con
                                                            trol Register 0x000
                                                            0_01 01
   56 00000000 0000000C 
                       UA_LCR  EQU              0x0C        ; R/W UART Line Con
                                                            trol Register 0x000
                                                            0_0000
   57 00000000 00000010 
                       UA_MCR  EQU              0x10        ; R/W UART Modem Co
                                                            ntrol Register UART
                                                            2: Reserved 0x0000_
                                                            0200
   58 00000000 00000014 
                       UA_MSR  EQU              0x14        ; R/W UART Modem St
                                                            atus Register UART2
                                                            : Reserved 0x0000_0
                                                            11 0
   59 00000000 00000018 
                       UA_FSR  EQU              0x18        ; R/W UART FIFO Sta
                                                            tus Register 0x1040
                                                            _4000
   60 00000000 0000001C 
                       UA_ISR  EQU              0x1C        ; R/W UART Interrup
                                                            t Status Register 0
                                                            x0000_0002
   61 00000000 00000020 
                       UA_TOR  EQU              0x20        ; R/W UART Time Out
                                                             Register 0x0000_00



ARM Macro Assembler    Page 6 


                                                            00
   62 00000000 00000024 
                       UA_BAUD EQU              0x24        ; R/W UART Baud Rat
                                                            e Divisor Register 
                                                            0x0F00_0000
   63 00000000 00000028 
                       UA_IRCR EQU              0x28        ; R/W UART IrDA Con
                                                            trol Register 0x000
                                                            0_0040
   64 00000000 0000002C 
                       UA_ALT_CSR
                               EQU              0x2C        ; R/W UART Alternat
                                                            e Control/Status Re
                                                            gister 0x0000_0000
   65 00000000 00000030 
                       UA_FUN_SEL
                               EQU              0x30        ; R/W UART Function
                                                             Select Register
   66 00000000         
   67 00000000 50000000 
                       GCR_BA  EQU              0x50000000  ;
   68 00000000 00000034 
                       GPB_MFP EQU              0x34        ; R/W GPIOB Multipl
                                                            e Function and Inpu
                                                            t Type Control Regi
                                                            ster
   69 00000000 00000008 
                       IPRSTC1 EQU              0x08        ; R/W IP Reset Cont
                                                            rol Register1 0x000
                                                            0_0000
   70 00000000 0000000C 
                       IPRSTC2 EQU              0x0C        ; R/W IP Reset Cont
                                                            rol Register2
   71 00000000         
   72 00000000         
   73 00000000 50000200 
                       CLK_BA  EQU              0x50000200  ;
   74 00000000         ;PWRCON   EQU  0x00;  R/W  System Power Down Control Reg
                       ister  0x0000_001X
   75 00000000         ;AHBCLK   EQU  0x04;  R/W  AHB Devices Clock Enable Cont
                       rol Register  0x0000_000D
   76 00000000 00000008 
                       APBCLK  EQU              0x08        ;  R/W  APB Devices
                                                             Clock Enable Contr
                                                            ol Register  0x0000
                                                            _000X
   77 00000000 0000000C 
                       CLKSTATUS
                               EQU              0x0C        ;  R/W  Clock statu
                                                            s monitor Register 
                                                             0x0000_00XX
   78 00000000 00000010 
                       CLKSEL0 EQU              0x10        ;  R/W  Clock Sourc
                                                            e Select Control Re
                                                            gister 0  0x0000_00
                                                            3X
   79 00000000 00000014 
                       CLKSEL1 EQU              0x14        ;  R/W  Clock Sourc
                                                            e SelectControl Reg



ARM Macro Assembler    Page 7 


                                                            ister 1  0xFFFF_FFF
                                                            F
   80 00000000 0000001C 
                       CLKSEL2 EQU              0x1C        ;  R/W  Clock Sourc
                                                            e Select Control Re
                                                            gister 2  0x0000_00
                                                            FF
   81 00000000 00000018 
                       CLKDIV  EQU              0x18        ;  R/W  Clock Divid
                                                            erNumber Register  
                                                            0x0000_0000 
   82 00000000 00000020 
                       PLLCON  EQU              0x20        ;  R/W  PLL Control
                                                             Register  0x0005_C
                                                            22E
   83 00000000 00000024 
                       FRQDIV  EQU              0x24        ;  R/W  Frequency D
                                                            ivider Control Regi
                                                            ster  0x0000_0000
   84 00000000         
   85 00000000 E000E000 
                       SCS_BA  EQU              0xE000E000  ;
   86 00000000 00000010 
                       SYST_CSR
                               EQU              0x10        ;  R/W  SysTick Con
                                                            trol and Status Reg
                                                            ister  0x0000_0000
   87 00000000 00000014 
                       SYST_RVR
                               EQU              0x14        ;  R/W  SysTick Rel
                                                            oad value Register 
                                                             0xXXXX_XXXX
   88 00000000 00000018 
                       SYST_CVR
                               EQU              0x18        ;  R/W  SysTick Cur
                                                            rent value Register
                                                              0xXXXX_XXXX
   89 00000000         
   90 00000000         ;;;;;;;;;;;;;;;;;;;;;;;;;;;;;;;;;;;;;;;;;;;;;;;;;;;
   91 00000000         
   92 00000000                 END
    2 00000000                 AREA             |.text|, CODE, READONLY
    3 00000000         
    4 00000000         SystemInit
                               PROC
    5 00000000                 EXPORT           SystemInit             [WEAK]
    6 00000000         ;IMPORT  ref_def
    7 00000000 4824            LDR              R0, =0x50000100
    8 00000002         ; Unlock Register                
    9 00000002 4925            LDR              R1, =0x59
   10 00000004 6001            STR              R1, [R0]
   11 00000006 4925            LDR              R1, =0x16
   12 00000008 6001            STR              R1, [R0]
   13 0000000A 4925            LDR              R1, =0x88
   14 0000000C 6001            STR              R1, [R0]
   15 0000000E         
   16 0000000E         ;Init Clock Gen for 48 MHz
   17 0000000E 4825            LDR              R0, =CLK_BA
   18 00000010 4925            LDR              R1, =0x1D   ; Enable external 4



ARM Macro Assembler    Page 8 


                                                            ~24 MHz high speed 
                                                            crystal
   19 00000012 6001            STR              R1, [R0]    ; XTL12M_EN = 1
   20 00000014         
   21 00000014 4925            LDR              R1, =0x0000C220 ; IN_DV = 0x1, 
                                                            OUT_DV = 0x3, FB_DV
                                                             = 0x2E
   22 00000016 6201            STR              R1, [R0, #PLLCON] ; PLLFOUT = 4
                                                            8 MHz from PLL  
   23 00000018         
   24 00000018 2103            MOVS             R1, #0x3    ; SysTick clock sou
                                                            rce select HCLK/2 
   25 0000001A 00C9            LSLS             R1, R1, #3
   26 0000001C 2202            MOVS             R2, #0x2
   27 0000001E 4311            ORRS             R1, R2      ; CLK SRC for CPUCL
                                                            K, HCLK, PCLK - PLL
                                                            FOUT
   28 00000020 6101            STR              R1, [R0, #CLKSEL0]
   29 00000022         
   30 00000022 2100            MOVS             R1, #0      ; HCLK_N = 0, divid
                                                            e by 1  
   31 00000024 6181            STR              R1, [R0, #CLKDIV] ; PLLFOUT = 4
                                                            8 MHz from PLL 
   32 00000026         ;Init GPIO for LED's 
   33 00000026 4822            LDR              R0, =GP_BA
   34 00000028 4922            LDR              R1, =0x55000000
   35 0000002A 4A23            LDR              R2, =GPIOC_PMD
   36 0000002C 5081            STR              R1, [R0, R2]
   37 0000002E         
   38 0000002E         ;LDR  R0, =GP_BA
   39 0000002E         ;LDR  R1, =0x00000000
   40 0000002E         ;LDR  R2, =GPIOB_PMD
   41 0000002E         ;STR  R1, [R0, R2]
   42 0000002E         
   43 0000002E         ;LDR R1, =0x00000FFF ; GPA0-5
   44 0000002E         ;LDR R2, =GPIOA_PMD ; quasy-bidir
   45 0000002E         ;STR R1, [R0, R2]
   46 0000002E         ;LDR R1, =0x0000003F
   47 0000002E         ;LDR R2, =GPIOA_DOUT
   48 0000002E         ;STR R1, [R0, R2]
   49 0000002E         
   50 0000002E 4820            LDR              R0, =GP_BA
   51 00000030 4922            LDR              R1, =0x55555555
   52 00000032 4A23            LDR              R2, =GPIOB_PMD
   53 00000034 5081            STR              R1, [R0, R2]
   54 00000036         
   55 00000036 4923            LDR              R1, =0x0000F000
   56 00000038 4A19            LDR              R2, =GPIOC_DOUT
   57 0000003A 5081            STR              R1, [R0, R2]
   58 0000003C         ;LDR  R1, =0x00009000
   59 0000003C         ;LDR  R2, =GPIOD_DOUT 
   60 0000003C         ;STR  R1, [R0, R2] 
   61 0000003C         
   62 0000003C         ;LDR  R1, =0x00009000
   63 0000003C         ;LDR  R2, =GPIOC_DOUT 
   64 0000003C         ;STR  R1, [R0, R2] 
   65 0000003C         
   66 0000003C         ;Init UART0
   67 0000003C         ; ???????????? ??????? ?? ??? ?????? ? UART



ARM Macro Assembler    Page 9 


   68 0000003C 4822            LDR              R0, =GCR_BA ; PB.0 & PB.1 Pin F
                                                            unction Selection
   69 0000003E 2203            MOVS             R2, #0x3    ; 1 - UART0 TXD & R
                                                            XD
   70 00000040 6342            STR              R2, [R0, #GPB_MFP]
   71 00000042         ; ?????????? ?????? ?????? ?????? UART0
   72 00000042 4822            LDR              R0, =UART0_BA
   73 00000044 2200            MOVS             R2, #0
   74 00000046 6302            STR              R2, [R0, #UA_FUN_SEL]
   75 00000048         ; ?????? Reset ??? UART0
   76 00000048 481F            LDR              R0, =GCR_BA ; SYS->IPRSTC2.UART
                                                            0_RST = 1;
   77 0000004A 2201            MOVS             R2, #0x1    ; SYS->IPRSTC2.UART
                                                            0_RST = 0;
   78 0000004C 0412            LSLS             R2, #16
   79 0000004E 60C2            STR              R2, [R0, #IPRSTC2]
   80 00000050 2200            MOVS             R2, #0x0
   81 00000052 60C2            STR              R2, [R0, #IPRSTC2]
   82 00000054         ; ?????????? UART0
   83 00000054 4813            LDR              R0, =CLK_BA ; SYSCLK->APBCLK.UA
                                                            RT0_EN = 1;
   84 00000056 2201            MOVS             R2, #0x1    ;
   85 00000058 0412            LSLS             R2, #16
   86 0000005A 6082            STR              R2, [R0, #APBCLK]
   87 0000005C         ; ?????? ???????? ??? ??????? Tx ?? Rx FIFO
   88 0000005C 481B            LDR              R0, =UART0_BA ; Set Rx Trigger 
                                                            Level (FCR.RFITL)
   89 0000005E 2206            MOVS             R2, #0x6    ;
   90 00000060 6082            STR              R2, [R0, #UA_FCR]
   91 00000062         ; ????? ?????: ?-?? ????. ?????, ???????? ???,
   92 00000062 481A            LDR              R0, =UART0_BA ; ????????? ?? ??
                                                            ??????
   93 00000064 2203            MOVS             R2, #0x3    ; 1 StopBits; No Pa
                                                            rity;
   94 00000066 60C2            STR              R2, [R0, #UA_LCR]
   95 00000068         ; Set Time-Out (TOR.TOIC)
   96 00000068 4818            LDR              R0, =UART0_BA
   97 0000006A 2201            MOVS             R2, #0x1    ;
   98 0000006C 0312            LSLS             R2, #12     ; TX Delay Time Val
                                                            ue
   99 0000006E 6202            STR              R2, [R0, #UA_TOR]
  100 00000070         ;???????????? ????????? ??????? ??? ?????? UART0
  101 00000070 480C            LDR              R0, =CLK_BA ; SYSCLK->CLKSEL1.U
                                                            ART_S = 0;
  102 00000072 4917            LDR              R1, =0x00000000 
                                                            ; XTL12M to UART
  103 00000074 6141            STR              R1, [R0, #CLKSEL1]
  104 00000076         ; Mode 2, Baud rate = UART_CLK / (A+2), A must >=3
  105 00000076 4815            LDR              R0, =UART0_BA ; Baud rate = 115
                                                            200
  106 00000078 4A16            LDR              R2, =0x3f000066 ; DIV_X_EN=1 ; 
                                                            DIV_X_ONE=1 ; A=0x6
                                                            6
  107 0000007A 6242            STR              R2, [R0, #UA_BAUD]
  108 0000007C         
  109 0000007C         
  110 0000007C         ;SysTick Timer Init to form 1 ms      
  111 0000007C 4816            LDR              R0, =SCS_BA
  112 0000007E 4917            LDR              R1, =47999



ARM Macro Assembler    Page 10 


  113 00000080 6141            STR              R1, [R0, #SYST_RVR]
  114 00000082 2100            MOVS             R1, #0
  115 00000084 6181            STR              R1, [R0, #SYST_CVR]
  116 00000086 2105            MOVS             R1, #5
  117 00000088 6101            STR              R1, [R0, #SYST_CSR]
  118 0000008A         
  119 0000008A         
  120 0000008A         ; Lock register
  121 0000008A 4802            LDR              R0, =0x50000100
  122 0000008C 2100            MOVS             R1, #0
  123 0000008E 6001            STR              R1, [R0]
  124 00000090         
  125 00000090 4770            BX               LR
  126 00000092                 ENDP
  127 00000092         
  128 00000092         
  129 00000092                 END
              00 00 50000100 
              00000059 
              00000016 
              00000088 
              50000200 
              0000001D 
              0000C220 
              50004000 
              55000000 
              00000080 
              55555555 
              00000040 
              0000F000 
              50000000 
              40050000 
              00000000 
              3F000066 
              E000E000 
              0000BB7F 
Command Line: --debug --xref --cpu=Cortex-M0 --apcs=interwork --depend=.\object
s\systeminit.d -o.\objects\systeminit.o -IC:\Keil_v5\ARM\RV31\INC -IC:\Keil_v5\
ARM\PACK\ARM\CMSIS\4.1.0\CMSIS\Include -IC:\Keil_v5\ARM\PACK\Nuvoton\NuMicro_DF
P\1.0.2\Device\NUC100\Include --predefine="__EVAL SETA 1" --list=.\listings\sys
teminit.lst SystemInit.s



ARM Macro Assembler    Page 1 Alphabetic symbol ordering
Relocatable symbols

.text 00000000

Symbol: .text
   Definitions
      At line 2 in file SystemInit.s
   Uses
      None
Comment: .text unused
SystemInit 00000000

Symbol: SystemInit
   Definitions
      At line 4 in file SystemInit.s
   Uses
      At line 5 in file SystemInit.s
Comment: SystemInit used once
2 symbols



ARM Macro Assembler    Page 1 Alphabetic symbol ordering
Absolute symbols

APBCLK 00000008

Symbol: APBCLK
   Definitions
      At line 76 in file reg_def.s
   Uses
      At line 86 in file SystemInit.s
Comment: APBCLK used once
CLKDIV 00000018

Symbol: CLKDIV
   Definitions
      At line 81 in file reg_def.s
   Uses
      At line 31 in file SystemInit.s
Comment: CLKDIV used once
CLKSEL0 00000010

Symbol: CLKSEL0
   Definitions
      At line 78 in file reg_def.s
   Uses
      At line 28 in file SystemInit.s
Comment: CLKSEL0 used once
CLKSEL1 00000014

Symbol: CLKSEL1
   Definitions
      At line 79 in file reg_def.s
   Uses
      At line 103 in file SystemInit.s
Comment: CLKSEL1 used once
CLKSEL2 0000001C

Symbol: CLKSEL2
   Definitions
      At line 80 in file reg_def.s
   Uses
      None
Comment: CLKSEL2 unused
CLKSTATUS 0000000C

Symbol: CLKSTATUS
   Definitions
      At line 77 in file reg_def.s
   Uses
      None
Comment: CLKSTATUS unused
CLK_BA 50000200

Symbol: CLK_BA
   Definitions
      At line 73 in file reg_def.s
   Uses
      At line 17 in file SystemInit.s
      At line 83 in file SystemInit.s
      At line 101 in file SystemInit.s

FRQDIV 00000024



ARM Macro Assembler    Page 2 Alphabetic symbol ordering
Absolute symbols


Symbol: FRQDIV
   Definitions
      At line 83 in file reg_def.s
   Uses
      None
Comment: FRQDIV unused
GCR_BA 50000000

Symbol: GCR_BA
   Definitions
      At line 67 in file reg_def.s
   Uses
      At line 68 in file SystemInit.s
      At line 76 in file SystemInit.s

GPB_MFP 00000034

Symbol: GPB_MFP
   Definitions
      At line 68 in file reg_def.s
   Uses
      At line 70 in file SystemInit.s
Comment: GPB_MFP used once
GPIOA_DBEN 00000014

Symbol: GPIOA_DBEN
   Definitions
      At line 11 in file reg_def.s
   Uses
      None
Comment: GPIOA_DBEN unused
GPIOA_DMASK 0000000C

Symbol: GPIOA_DMASK
   Definitions
      At line 9 in file reg_def.s
   Uses
      None
Comment: GPIOA_DMASK unused
GPIOA_DOUT 00000008

Symbol: GPIOA_DOUT
   Definitions
      At line 8 in file reg_def.s
   Uses
      None
Comment: GPIOA_DOUT unused
GPIOA_IEN 0000001C

Symbol: GPIOA_IEN
   Definitions
      At line 13 in file reg_def.s
   Uses
      None
Comment: GPIOA_IEN unused
GPIOA_IMD 00000018

Symbol: GPIOA_IMD



ARM Macro Assembler    Page 3 Alphabetic symbol ordering
Absolute symbols

   Definitions
      At line 12 in file reg_def.s
   Uses
      None
Comment: GPIOA_IMD unused
GPIOA_ISRC 00000020

Symbol: GPIOA_ISRC
   Definitions
      At line 14 in file reg_def.s
   Uses
      None
Comment: GPIOA_ISRC unused
GPIOA_OFFD 00000004

Symbol: GPIOA_OFFD
   Definitions
      At line 7 in file reg_def.s
   Uses
      None
Comment: GPIOA_OFFD unused
GPIOA_PIN 00000010

Symbol: GPIOA_PIN
   Definitions
      At line 10 in file reg_def.s
   Uses
      None
Comment: GPIOA_PIN unused
GPIOA_PMD 00000000

Symbol: GPIOA_PMD
   Definitions
      At line 6 in file reg_def.s
   Uses
      None
Comment: GPIOA_PMD unused
GPIOB_DBEN 00000054

Symbol: GPIOB_DBEN
   Definitions
      At line 20 in file reg_def.s
   Uses
      None
Comment: GPIOB_DBEN unused
GPIOB_DMASK 0000004C

Symbol: GPIOB_DMASK
   Definitions
      At line 18 in file reg_def.s
   Uses
      None
Comment: GPIOB_DMASK unused
GPIOB_DOUT 00000048

Symbol: GPIOB_DOUT
   Definitions
      At line 17 in file reg_def.s
   Uses



ARM Macro Assembler    Page 4 Alphabetic symbol ordering
Absolute symbols

      None
Comment: GPIOB_DOUT unused
GPIOB_IEN 0000005C

Symbol: GPIOB_IEN
   Definitions
      At line 22 in file reg_def.s
   Uses
      None
Comment: GPIOB_IEN unused
GPIOB_IMD 00000058

Symbol: GPIOB_IMD
   Definitions
      At line 21 in file reg_def.s
   Uses
      None
Comment: GPIOB_IMD unused
GPIOB_ISRC 00000060

Symbol: GPIOB_ISRC
   Definitions
      At line 23 in file reg_def.s
   Uses
      None
Comment: GPIOB_ISRC unused
GPIOB_OFFD 00000044

Symbol: GPIOB_OFFD
   Definitions
      At line 16 in file reg_def.s
   Uses
      None
Comment: GPIOB_OFFD unused
GPIOB_PIN 00000050

Symbol: GPIOB_PIN
   Definitions
      At line 19 in file reg_def.s
   Uses
      None
Comment: GPIOB_PIN unused
GPIOB_PMD 00000040

Symbol: GPIOB_PMD
   Definitions
      At line 15 in file reg_def.s
   Uses
      At line 52 in file SystemInit.s
Comment: GPIOB_PMD used once
GPIOC_DBEN 00000094

Symbol: GPIOC_DBEN
   Definitions
      At line 29 in file reg_def.s
   Uses
      None
Comment: GPIOC_DBEN unused
GPIOC_DMASK 0000008C



ARM Macro Assembler    Page 5 Alphabetic symbol ordering
Absolute symbols


Symbol: GPIOC_DMASK
   Definitions
      At line 27 in file reg_def.s
   Uses
      None
Comment: GPIOC_DMASK unused
GPIOC_DOUT 00000088

Symbol: GPIOC_DOUT
   Definitions
      At line 26 in file reg_def.s
   Uses
      At line 56 in file SystemInit.s
Comment: GPIOC_DOUT used once
GPIOC_IEN 0000009C

Symbol: GPIOC_IEN
   Definitions
      At line 31 in file reg_def.s
   Uses
      None
Comment: GPIOC_IEN unused
GPIOC_IMD 00000098

Symbol: GPIOC_IMD
   Definitions
      At line 30 in file reg_def.s
   Uses
      None
Comment: GPIOC_IMD unused
GPIOC_ISRC 000000A0

Symbol: GPIOC_ISRC
   Definitions
      At line 32 in file reg_def.s
   Uses
      None
Comment: GPIOC_ISRC unused
GPIOC_OFFD 00000084

Symbol: GPIOC_OFFD
   Definitions
      At line 25 in file reg_def.s
   Uses
      None
Comment: GPIOC_OFFD unused
GPIOC_PIN 00000090

Symbol: GPIOC_PIN
   Definitions
      At line 28 in file reg_def.s
   Uses
      None
Comment: GPIOC_PIN unused
GPIOC_PMD 00000080

Symbol: GPIOC_PMD
   Definitions



ARM Macro Assembler    Page 6 Alphabetic symbol ordering
Absolute symbols

      At line 24 in file reg_def.s
   Uses
      At line 35 in file SystemInit.s
Comment: GPIOC_PMD used once
GPIOD_DBEN 000000D4

Symbol: GPIOD_DBEN
   Definitions
      At line 38 in file reg_def.s
   Uses
      None
Comment: GPIOD_DBEN unused
GPIOD_DMASK 000000CC

Symbol: GPIOD_DMASK
   Definitions
      At line 36 in file reg_def.s
   Uses
      None
Comment: GPIOD_DMASK unused
GPIOD_DOUT 000000C8

Symbol: GPIOD_DOUT
   Definitions
      At line 35 in file reg_def.s
   Uses
      None
Comment: GPIOD_DOUT unused
GPIOD_IEN 000000DC

Symbol: GPIOD_IEN
   Definitions
      At line 40 in file reg_def.s
   Uses
      None
Comment: GPIOD_IEN unused
GPIOD_IMD 000000D8

Symbol: GPIOD_IMD
   Definitions
      At line 39 in file reg_def.s
   Uses
      None
Comment: GPIOD_IMD unused
GPIOD_ISRC 000000E0

Symbol: GPIOD_ISRC
   Definitions
      At line 41 in file reg_def.s
   Uses
      None
Comment: GPIOD_ISRC unused
GPIOD_OFFD 000000C4

Symbol: GPIOD_OFFD
   Definitions
      At line 34 in file reg_def.s
   Uses
      None



ARM Macro Assembler    Page 7 Alphabetic symbol ordering
Absolute symbols

Comment: GPIOD_OFFD unused
GPIOD_PIN 000000D0

Symbol: GPIOD_PIN
   Definitions
      At line 37 in file reg_def.s
   Uses
      None
Comment: GPIOD_PIN unused
GPIOD_PMD 000000C0

Symbol: GPIOD_PMD
   Definitions
      At line 33 in file reg_def.s
   Uses
      None
Comment: GPIOD_PMD unused
GPIOE_DBEN 00000114

Symbol: GPIOE_DBEN
   Definitions
      At line 47 in file reg_def.s
   Uses
      None
Comment: GPIOE_DBEN unused
GPIOE_DMASK 0000010C

Symbol: GPIOE_DMASK
   Definitions
      At line 45 in file reg_def.s
   Uses
      None
Comment: GPIOE_DMASK unused
GPIOE_DOUT 00000108

Symbol: GPIOE_DOUT
   Definitions
      At line 44 in file reg_def.s
   Uses
      None
Comment: GPIOE_DOUT unused
GPIOE_IEN 0000011C

Symbol: GPIOE_IEN
   Definitions
      At line 49 in file reg_def.s
   Uses
      None
Comment: GPIOE_IEN unused
GPIOE_IMD 00000118

Symbol: GPIOE_IMD
   Definitions
      At line 48 in file reg_def.s
   Uses
      None
Comment: GPIOE_IMD unused
GPIOE_ISRC 00000120




ARM Macro Assembler    Page 8 Alphabetic symbol ordering
Absolute symbols

Symbol: GPIOE_ISRC
   Definitions
      At line 50 in file reg_def.s
   Uses
      None
Comment: GPIOE_ISRC unused
GPIOE_OFFD 00000104

Symbol: GPIOE_OFFD
   Definitions
      At line 43 in file reg_def.s
   Uses
      None
Comment: GPIOE_OFFD unused
GPIOE_PIN 00000110

Symbol: GPIOE_PIN
   Definitions
      At line 46 in file reg_def.s
   Uses
      None
Comment: GPIOE_PIN unused
GPIOE_PMD 00000100

Symbol: GPIOE_PMD
   Definitions
      At line 42 in file reg_def.s
   Uses
      None
Comment: GPIOE_PMD unused
GP_BA 50004000

Symbol: GP_BA
   Definitions
      At line 4 in file reg_def.s
   Uses
      At line 33 in file SystemInit.s
      At line 50 in file SystemInit.s

IPRSTC1 00000008

Symbol: IPRSTC1
   Definitions
      At line 69 in file reg_def.s
   Uses
      None
Comment: IPRSTC1 unused
IPRSTC2 0000000C

Symbol: IPRSTC2
   Definitions
      At line 70 in file reg_def.s
   Uses
      At line 79 in file SystemInit.s
      At line 81 in file SystemInit.s

PLLCON 00000020

Symbol: PLLCON



ARM Macro Assembler    Page 9 Alphabetic symbol ordering
Absolute symbols

   Definitions
      At line 82 in file reg_def.s
   Uses
      At line 22 in file SystemInit.s
Comment: PLLCON used once
SCS_BA E000E000

Symbol: SCS_BA
   Definitions
      At line 85 in file reg_def.s
   Uses
      At line 111 in file SystemInit.s
Comment: SCS_BA used once
SYST_CSR 00000010

Symbol: SYST_CSR
   Definitions
      At line 86 in file reg_def.s
   Uses
      At line 117 in file SystemInit.s
Comment: SYST_CSR used once
SYST_CVR 00000018

Symbol: SYST_CVR
   Definitions
      At line 88 in file reg_def.s
   Uses
      At line 115 in file SystemInit.s
Comment: SYST_CVR used once
SYST_RVR 00000014

Symbol: SYST_RVR
   Definitions
      At line 87 in file reg_def.s
   Uses
      At line 113 in file SystemInit.s
Comment: SYST_RVR used once
UART0_BA 40050000

Symbol: UART0_BA
   Definitions
      At line 51 in file reg_def.s
   Uses
      At line 72 in file SystemInit.s
      At line 88 in file SystemInit.s
      At line 92 in file SystemInit.s
      At line 96 in file SystemInit.s
      At line 105 in file SystemInit.s

UA_ALT_CSR 0000002C

Symbol: UA_ALT_CSR
   Definitions
      At line 64 in file reg_def.s
   Uses
      None
Comment: UA_ALT_CSR unused
UA_BAUD 00000024




ARM Macro Assembler    Page 10 Alphabetic symbol ordering
Absolute symbols

Symbol: UA_BAUD
   Definitions
      At line 62 in file reg_def.s
   Uses
      At line 107 in file SystemInit.s
Comment: UA_BAUD used once
UA_FCR 00000008

Symbol: UA_FCR
   Definitions
      At line 55 in file reg_def.s
   Uses
      At line 90 in file SystemInit.s
Comment: UA_FCR used once
UA_FSR 00000018

Symbol: UA_FSR
   Definitions
      At line 59 in file reg_def.s
   Uses
      None
Comment: UA_FSR unused
UA_FUN_SEL 00000030

Symbol: UA_FUN_SEL
   Definitions
      At line 65 in file reg_def.s
   Uses
      At line 74 in file SystemInit.s
Comment: UA_FUN_SEL used once
UA_IER 00000004

Symbol: UA_IER
   Definitions
      At line 54 in file reg_def.s
   Uses
      None
Comment: UA_IER unused
UA_IRCR 00000028

Symbol: UA_IRCR
   Definitions
      At line 63 in file reg_def.s
   Uses
      None
Comment: UA_IRCR unused
UA_ISR 0000001C

Symbol: UA_ISR
   Definitions
      At line 60 in file reg_def.s
   Uses
      None
Comment: UA_ISR unused
UA_LCR 0000000C

Symbol: UA_LCR
   Definitions
      At line 56 in file reg_def.s



ARM Macro Assembler    Page 11 Alphabetic symbol ordering
Absolute symbols

   Uses
      At line 94 in file SystemInit.s
Comment: UA_LCR used once
UA_MCR 00000010

Symbol: UA_MCR
   Definitions
      At line 57 in file reg_def.s
   Uses
      None
Comment: UA_MCR unused
UA_MSR 00000014

Symbol: UA_MSR
   Definitions
      At line 58 in file reg_def.s
   Uses
      None
Comment: UA_MSR unused
UA_RBR 00000000

Symbol: UA_RBR
   Definitions
      At line 52 in file reg_def.s
   Uses
      None
Comment: UA_RBR unused
UA_THR 00000000

Symbol: UA_THR
   Definitions
      At line 53 in file reg_def.s
   Uses
      None
Comment: UA_THR unused
UA_TOR 00000020

Symbol: UA_TOR
   Definitions
      At line 61 in file reg_def.s
   Uses
      At line 99 in file SystemInit.s
Comment: UA_TOR used once
78 symbols
413 symbols in table
