###############################################################################
#                                                                             #
#                                                       06/Jul/2010  14:34:57 #
# IAR ANSI C/C++ Compiler V5.50.0.21878/W32 EVALUATION for ARM                #
# Copyright (C) 1999-2010 IAR Systems AB.                                     #
#                                                                             #
#    Cpu mode     =  thumb                                                    #
#    Endian       =  little                                                   #
#    Source file  =  E:\FreeRTOS_Keil_IAR\FreeRTOS\Demo\CORTEX_NUC1xx_Keil_IA #
#                    R\NUC1xxBSP\CMSIS\CM0\system_NUC1xx.c                    #
#    Command line =  E:\FreeRTOS_Keil_IAR\FreeRTOS\Demo\CORTEX_NUC1xx_Keil_IA #
#                    R\NUC1xxBSP\CMSIS\CM0\system_NUC1xx.c -D IAR_ARM_CM0     #
#                    -lCN E:\FreeRTOS_Keil_IAR\FreeRTOS\Demo\CORTEX_NUC1xx_Ke #
#                    il_IAR\Debug\List\ --diag_suppress Pe550,Pa082,Pa039 -o  #
#                    E:\FreeRTOS_Keil_IAR\FreeRTOS\Demo\CORTEX_NUC1xx_Keil_IA #
#                    R\Debug\Obj\ --no_cse --no_unroll --no_inline            #
#                    --no_code_motion --no_tbaa --no_clustering               #
#                    --no_scheduling --debug --endian=little --cpu=Cortex-M0  #
#                    -e --fpu=None --dlib_config "D:\Program                  #
#                    Files\ARM\INC\DLib_Config_Full.h" -I                     #
#                    E:\FreeRTOS_Keil_IAR\FreeRTOS\Demo\CORTEX_NUC1xx_Keil_IA #
#                    R\..\common\include\ -I E:\FreeRTOS_Keil_IAR\FreeRTOS\De #
#                    mo\CORTEX_NUC1xx_Keil_IAR\..\..\source\include\ -I       #
#                    E:\FreeRTOS_Keil_IAR\FreeRTOS\Demo\CORTEX_NUC1xx_Keil_IA #
#                    R\ -I E:\FreeRTOS_Keil_IAR\FreeRTOS\Demo\CORTEX_NUC1xx_K #
#                    eil_IAR\NUC1xxBSP\NuvotonPlatform_Keil\Include\ -I       #
#                    E:\FreeRTOS_Keil_IAR\FreeRTOS\Demo\CORTEX_NUC1xx_Keil_IA #
#                    R\NUC1xxBSP\NuvotonPlatform_Keil\Include\Driver\ -I      #
#                    E:\FreeRTOS_Keil_IAR\FreeRTOS\Demo\CORTEX_NUC1xx_Keil_IA #
#                    R\NUC1xxBSP\CMSIS\CM0\ -I E:\FreeRTOS_Keil_IAR\FreeRTOS\ #
#                    Demo\CORTEX_NUC1xx_Keil_IAR\User_Demo\include\ -I        #
#                    "D:\Program Files\ARM\INC\" -Ol                          #
#    List file    =  E:\FreeRTOS_Keil_IAR\FreeRTOS\Demo\CORTEX_NUC1xx_Keil_IA #
#                    R\Debug\List\system_NUC1xx.lst                           #
#    Object file  =  E:\FreeRTOS_Keil_IAR\FreeRTOS\Demo\CORTEX_NUC1xx_Keil_IA #
#                    R\Debug\Obj\system_NUC1xx.o                              #
#                                                                             #
#                                                                             #
###############################################################################

E:\FreeRTOS_Keil_IAR\FreeRTOS\Demo\CORTEX_NUC1xx_Keil_IAR\NUC1xxBSP\CMSIS\CM0\system_NUC1xx.c
      1          /*---------------------------------------------------------------------------------------------------------*/
      2          /*                                                                                                         */
      3          /* Copyright(c) 2009 Nuvoton Technology Corp. All rights reserved.                                         */
      4          /*                                                                                                         */
      5          /*---------------------------------------------------------------------------------------------------------*/
      6          #include <stdint.h>
      7          #include "NUC1xx.h"
      8          
      9          /*----------------------------------------------------------------------------
     10            Define SYSCLK
     11           *----------------------------------------------------------------------------*/
     12          #define __HSI (50000000UL)
     13          
     14          /*----------------------------------------------------------------------------
     15            Clock Definitions
     16           *----------------------------------------------------------------------------*/

   \                                 In section .data, align 4
     17          uint32_t SystemFrequency  = __HSI;   /*!< System Clock Frequency (Core Clock) */
   \                     SystemFrequency:
   \   00000000   80F0FA02           DC32 50000000
     18          
     19          
     20          /*---------------------------------------------------------------------------------------------------------*/
     21          /* Function: SystemInit                                                                                    */
     22          /*                                                                                                         */
     23          /* Parameters:                                                                                             */
     24          /*      None                                                                                               */
     25          /*                                                                                                         */
     26          /* Returns:                                                                                                */
     27          /*      None                                                                                               */
     28          /*                                                                                                         */
     29          /* Description:                                                                                            */
     30          /*      The necessary initializaiton of systerm.                                                           */
     31          /*                                                                                                         */
     32          /*---------------------------------------------------------------------------------------------------------*/

   \                                 In section .text, align 2, keep-with-next
     33          void SystemInit (void)
     34          {
     35          
     36          }
   \                     SystemInit:
   \   00000000   7047               BX       LR               ;; return
     37          

   Maximum stack usage in bytes:

     Function   .cstack
     --------   -------
     SystemInit      0


   Section sizes:

     Function/Label  Bytes
     --------------  -----
     SystemFrequency    4
     SystemInit         2

 
 4 bytes in section .data
 2 bytes in section .text
 
 2 bytes of CODE memory
 4 bytes of DATA memory

Errors: none
Warnings: none
