


ARM Macro Assembler    Page 1 


    1 00000000                 INCLUDE          reg_def.s
    1 00000000         ;AREA    |.text|, CODE, READONLY
    2 00000000         
    3 00000000         ;;;;;;;;;;;;;;;;;;;;;;;;;;;;;;;;;;;;;;;;;;;;;;;;;;;
    4 00000000 50004000 
                       GP_BA   EQU              0x50004000  ;
    5 00000000 50000000 
                       GCR_BA  EQU              0x50000000  ;
    6 00000000 40050000 
                       UART0_BA
                               EQU              0x40050000  ; 
    7 00000000 00000000 
                       GPIOA_PMD
                               EQU              0x000       ;  R/W   GPIO Port 
                                                            A Pin I/O Mode Cont
                                                            rol  0xFFFF_FFFF 
    8 00000000 00000004 
                       GPIOA_OFFD
                               EQU              0x004       ;  R/W   GPIO Port 
                                                            A Pin Digital Input
                                                             Path Disable Contr
                                                            ol  0x0000_0000  
    9 00000000 00000008 
                       GPIOA_DOUT
                               EQU              0x008       ;  R/W   GPIO Port 
                                                            A Data Output Value
                                                              0x0000_FFFF 
   10 00000000 0000000C 
                       GPIOA_DMASK
                               EQU              0x00C       ;  R/W   GPIO Port 
                                                            A Data Output Write
                                                             Mask  0xXXXX_0000 
                                                             
   11 00000000 00000010 
                       GPIOA_PIN
                               EQU              0x010       ;  R  GPIO Port A P
                                                            in Value   0x0000_X
                                                            XXX 
   12 00000000 00000014 
                       GPIOA_DBEN
                               EQU              0x014       ;  R/W   GPIO Port 
                                                            A De - bounce Enabl
                                                            e  0xXXXX_0000  
   13 00000000 00000018 
                       GPIOA_IMD
                               EQU              0x018       ;  R/W   GPIO Port 
                                                            A Interrupt Mode Co
                                                            ntrol  0xXXXX_0000 
                                                             
   14 00000000 0000001C 
                       GPIOA_IEN
                               EQU              0x01C       ;  R/W   GPIO Port 
                                                            A Interrupt Enable 
                                                             0x0000_0000  
   15 00000000 00000020 
                       GPIOA_ISRC
                               EQU              0x020       ;  R/W   GPIO Port 
                                                            A Interrupt Source 
                                                            Flag  0xXXXX_XXXX



ARM Macro Assembler    Page 2 


   16 00000000 00000080 
                       GPIOC_PMD
                               EQU              0x080       ;  R/W  GPIO Port C
                                                             Pin I/O Mode Contr
                                                            ol  0xFFFF_FFFF
   17 00000000 00000084 
                       GPIOC_OFFD
                               EQU              0x084       ;  R/W  GPIO Port C
                                                             Pin Digital Input 
                                                            Path Disable Contro
                                                            l  0x0000_0000 
   18 00000000 00000088 
                       GPIOC_DOUT
                               EQU              0x088       ;  R/W  GPIO Port C
                                                             Data Output Value 
                                                             0x0000_FFFF
   19 00000000 0000008C 
                       GPIOC_DMASK
                               EQU              0x08C       ;  R/W  GPIO Port C
                                                             Data Output Write 
                                                            Mask  0x0000_0000 
   20 00000000 00000090 
                       GPIOC_PIN
                               EQU              0x090       ;  R    GPIO Port C
                                                             Pin Value  0x0000_
                                                            XXXX
   21 00000000 00000094 
                       GPIOC_DBEN
                               EQU              0x094       ;  R/W  GPIO Port C
                                                             De-bounce Enable  
                                                            0x0000_0000 
   22 00000000 00000098 
                       GPIOC_IMD
                               EQU              0x098       ;  R/W  GPIO Port C
                                                             Interrupt Mode Con
                                                            trol  0x0000_0000
   23 00000000 0000009C 
                       GPIOC_IEN
                               EQU              0x09C       ;  R/W  GPIO Port C
                                                             Interrupt Enable  
                                                            0x0000_0000 
   24 00000000 000000A0 
                       GPIOC_ISRC
                               EQU              0x0A0       ;  R/W  GPIO Port C
                                                             Interrupt Source F
                                                            lag  0xXXXX_XXXX
   25 00000000         
   26 00000000 00000034 
                       GPB_MFP EQU              0x34        ;
   27 00000000 00000000 
                       UA_THR  EQU              0x00        ;
   28 00000000 00000000 
                       UA_RBR  EQU              0x00        ;
   29 00000000 0000000C 
                       UA_LCR  EQU              0x0C        ;
   30 00000000 00000024 
                       UA_BAUD EQU              0x24        ;
   31 00000000 00000030 
                       UA_FUN_SEL



ARM Macro Assembler    Page 3 


                               EQU              0x30        ;
   32 00000000 00000018 
                       UA_FSR  EQU              0x18
   33 00000000 0000000C 
                       IPRSTC2 EQU              0x0C        ;
   34 00000000 00000008 
                       UA_FCR  EQU              0x08        ;
   35 00000000 00000020 
                       UA_TOR  EQU              0x20        ;
   36 00000000         
   37 00000000         
   38 00000000         
   39 00000000 50000200 
                       CLK_BA  EQU              0x50000200  ;
   40 00000000         ;PWRCON   EQU  0x00;  R/W  System Power Down Control Reg
                       ister  0x0000_001X
   41 00000000         ;AHBCLK   EQU  0x04;  R/W  AHB Devices Clock Enable Cont
                       rol Register  0x0000_000D
   42 00000000 00000008 
                       APBCLK  EQU              0x08        ;  R/W  APB Devices
                                                             Clock Enable Contr
                                                            ol Register  0x0000
                                                            _000X
   43 00000000 0000000C 
                       CLKSTATUS
                               EQU              0x0C        ;  R/W  Clock statu
                                                            s monitor Register 
                                                             0x0000_00XX
   44 00000000 00000010 
                       CLKSEL0 EQU              0x10        ;  R/W  Clock Sourc
                                                            e Select Control Re
                                                            gister 0  0x0000_00
                                                            3X
   45 00000000 00000014 
                       CLKSEL1 EQU              0x14        ;  R/W  Clock Sourc
                                                            e SelectControl Reg
                                                            ister 1  0xFFFF_FFF
                                                            F
   46 00000000 0000001C 
                       CLKSEL2 EQU              0x1C        ;  R/W  Clock Sourc
                                                            e Select Control Re
                                                            gister 2  0x0000_00
                                                            FF
   47 00000000 00000018 
                       CLKDIV  EQU              0x18        ;  R/W  Clock Divid
                                                            erNumber Register  
                                                            0x0000_0000 
   48 00000000 00000020 
                       PLLCON  EQU              0x20        ;  R/W  PLL Control
                                                             Register  0x0005_C
                                                            22E
   49 00000000 00000024 
                       FRQDIV  EQU              0x24        ;  R/W  Frequency D
                                                            ivider Control Regi
                                                            ster  0x0000_0000
   50 00000000         
   51 00000000 E000E000 
                       SCS_BA  EQU              0xE000E000  ;
   52 00000000 00000010 



ARM Macro Assembler    Page 4 


                       SYST_CSR
                               EQU              0x10        ;  R/W  SysTick Con
                                                            trol and Status Reg
                                                            ister  0x0000_0000
   53 00000000 00000014 
                       SYST_RVR
                               EQU              0x14        ;  R/W  SysTick Rel
                                                            oad value Register 
                                                             0xXXXX_XXXX
   54 00000000 00000018 
                       SYST_CVR
                               EQU              0x18        ;  R/W  SysTick Cur
                                                            rent value Register
                                                              0xXXXX_XXXX
   55 00000000         
   56 00000000         ;;;;;;;;;;;;;;;;;;;;;;;;;;;;;;;;;;;;;;;;;;;;;;;;;;;
   57 00000000         
   58 00000000                 END
    2 00000000                 AREA             |.text|, CODE, READONLY
    3 00000000         
    4 00000000         __main  PROC
    5 00000000                 EXPORT           __main             [WEAK]
    6 00000000 480B            LDR              R0, =SCS_BA
    7 00000002         Blinky_loop
    8 00000002         
    9 00000002 490C            LDR              R1, =500
   10 00000004         ;Blinky_inner_loop1
   11 00000004         ;Blinky_inner_loop2
   12 00000004         ;LDR  R2, =0x10000
   13 00000004         ;LDR  R3, [R0, #SYST_CSR]
   14 00000004         ;TST  R3, R2
   15 00000004         ;BEQ  Blinky_inner_loop2
   16 00000004         ;SUBS  R1, R1, #1
   17 00000004         ;BNE  Blinky_inner_loop1
   18 00000004         
   19 00000004         ;; Toogle bits
   20 00000004         
   21 00000004         ;LDR  R1, =GP_BA 
   22 00000004         ;LDR  R2, =GPIOC_DOUT
   23 00000004         ;LDR  R3, [R1, R2] ;0x80 * 4 
   24 00000004         ;;LDR  R3, [R1, R2]
   25 00000004         ;MVNS  R3, R3
   26 00000004         ;STR  R3, [R1, R2]
   27 00000004         
   28 00000004 480C            LDR              R0, =UART0_BA
   29 00000006 4A0D            LDR              R2, =0x10000000
   30 00000008         Wait_TE_FLAG
   31 00000008 6983            LDR              R3, [R0, #UA_FSR]
   32 0000000A 4213            TST              R3, R2
   33 0000000C D0FC            BEQ              Wait_TE_FLAG
   34 0000000E 4C0C            LDR              R4, ='O'
   35 00000010 6004            STR              R4, [R0, #UA_THR]
   36 00000012 4C0C            LDR              R4, ='k'
   37 00000014 6004            STR              R4, [R0, #UA_THR]
   38 00000016 4C0C            LDR              R4, ='\n'
   39 00000018 6004            STR              R4, [R0, #UA_THR]
   40 0000001A 4C0C            LDR              R4, ='\r'
   41 0000001C 6004            STR              R4, [R0, #UA_THR]
   42 0000001E         case1



ARM Macro Assembler    Page 5 


   43 0000001E 3501            ADDS             R5, #1      ; –ª—ñ—á–∏–ª—å–Ω–∏–
                                                            ∫ –¥–æ 10
   44 00000020 240A            MOVS             R4, #0xA
   45 00000022 42A5            CMP              R5, R4
   46 00000024 D100            BNE              skip
   47 00000026 2500            MOVS             R5, 0
   48 00000028         skip
   49 00000028 4C09            LDR              R4, =0x30
   50 0000002A 1964            ADDS             R4, R5
   51 0000002C 6004            STR              R4, [R0, #UA_THR]
   52 0000002E         
   53 0000002E         ;;Check_FLAG_RX_EMPTY
   54 0000002E         ;LDR R0, =UART0_BA
   55 0000002E         ;LDR R2, =0x00004000 ; –º–∞—Å–∫–∞ –¥–ª—è –±—ñ—Ç–∞ RX_EMP
                       TY
   56 0000002E         ;LDR R3, [R0, #UA_FSR]
   57 0000002E         ;ANDS R3, R2
   58 0000002E         ;CMP R3, R2
   59 0000002E         ;BEQ RX_empty ;—è–∫—â–æ RX_EMPTY=1, —Ç–æ –¥–∞–Ω—ñ –Ω–µ –
                       æ—Ç—Ä–∏–º—É–≤–∞–ª–∏—Å—è
   60 0000002E         ;LDR R4, [R0, #UA_RBR] ;–∑—á–∏—Ç—É—î–º–æ –ø—Ä–∏–π–Ω—è—Ç–
                       ∏–π –±–∞–π—Ç
   61 0000002E         ;STR R4, [R0, #UA_THR] ;–≤—ñ–¥–ø—Ä–∞–≤–ª—è—î–º–æ –Ω–∞–∑–
                       ∞–¥
   62 0000002E         ;RX_empty
   63 0000002E         
   64 0000002E         ;movwf PORTB
   65 0000002E         ;return
   66 0000002E         ;case3
   67 0000002E         ;LDR R0, =UART0_BA
   68 0000002E         ;LDR R4, [R0, #UA_RBR] ;–∑—á–∏—Ç—É—î–º–æ –ø—Ä–∏–π–Ω—è—Ç–
                       ∏–π –±–∞–π—Ç
   69 0000002E         ;STR R4, [R0, #UA_THR] ;–≤—ñ–¥–ø—Ä–∞–≤–ª—è—î–º–æ –Ω–∞–∑–
                       ∞–¥
   70 0000002E         
   71 0000002E         
   72 0000002E E7E8            B                Blinky_loop
   73 00000030         ;ADDS R6, R6, #1
   74 00000030         ;BX LR
   75 00000030                 ENDP
   76 00000030                 END
              E000E000 
              000001F4 
              40050000 
              10000000 
              0000004F 
              0000006B 
              0000000A 
              0000000D 
              00000030 
Command Line: --debug --xref --cpu=Cortex-M0 --apcs=interwork --depend=.\main.d
 -o.\main.o -IC:\Keil_v5\ARM\RV31\INC -IC:\Keil_v5\ARM\PACK\ARM\CMSIS\4.1.0\CMS
IS\Include --predefine="__EVAL SETA 1" --list=.\main.lst main.s



ARM Macro Assembler    Page 1 Alphabetic symbol ordering
Relocatable symbols

.text 00000000

Symbol: .text
   Definitions
      At line 2 in file main.s
   Uses
      None
Comment: .text unused
Blinky_loop 00000002

Symbol: Blinky_loop
   Definitions
      At line 7 in file main.s
   Uses
      At line 72 in file main.s
Comment: Blinky_loop used once
Wait_TE_FLAG 00000008

Symbol: Wait_TE_FLAG
   Definitions
      At line 30 in file main.s
   Uses
      At line 33 in file main.s
Comment: Wait_TE_FLAG used once
__main 00000000

Symbol: __main
   Definitions
      At line 4 in file main.s
   Uses
      At line 5 in file main.s
Comment: __main used once
case1 0000001E

Symbol: case1
   Definitions
      At line 42 in file main.s
   Uses
      None
Comment: case1 unused
skip 00000028

Symbol: skip
   Definitions
      At line 48 in file main.s
   Uses
      At line 46 in file main.s
Comment: skip used once
6 symbols



ARM Macro Assembler    Page 1 Alphabetic symbol ordering
Absolute symbols

APBCLK 00000008

Symbol: APBCLK
   Definitions
      At line 42 in file reg_def.s
   Uses
      None
Comment: APBCLK unused
CLKDIV 00000018

Symbol: CLKDIV
   Definitions
      At line 47 in file reg_def.s
   Uses
      None
Comment: CLKDIV unused
CLKSEL0 00000010

Symbol: CLKSEL0
   Definitions
      At line 44 in file reg_def.s
   Uses
      None
Comment: CLKSEL0 unused
CLKSEL1 00000014

Symbol: CLKSEL1
   Definitions
      At line 45 in file reg_def.s
   Uses
      None
Comment: CLKSEL1 unused
CLKSEL2 0000001C

Symbol: CLKSEL2
   Definitions
      At line 46 in file reg_def.s
   Uses
      None
Comment: CLKSEL2 unused
CLKSTATUS 0000000C

Symbol: CLKSTATUS
   Definitions
      At line 43 in file reg_def.s
   Uses
      None
Comment: CLKSTATUS unused
CLK_BA 50000200

Symbol: CLK_BA
   Definitions
      At line 39 in file reg_def.s
   Uses
      None
Comment: CLK_BA unused
FRQDIV 00000024

Symbol: FRQDIV



ARM Macro Assembler    Page 2 Alphabetic symbol ordering
Absolute symbols

   Definitions
      At line 49 in file reg_def.s
   Uses
      None
Comment: FRQDIV unused
GCR_BA 50000000

Symbol: GCR_BA
   Definitions
      At line 5 in file reg_def.s
   Uses
      None
Comment: GCR_BA unused
GPB_MFP 00000034

Symbol: GPB_MFP
   Definitions
      At line 26 in file reg_def.s
   Uses
      None
Comment: GPB_MFP unused
GPIOA_DBEN 00000014

Symbol: GPIOA_DBEN
   Definitions
      At line 12 in file reg_def.s
   Uses
      None
Comment: GPIOA_DBEN unused
GPIOA_DMASK 0000000C

Symbol: GPIOA_DMASK
   Definitions
      At line 10 in file reg_def.s
   Uses
      None
Comment: GPIOA_DMASK unused
GPIOA_DOUT 00000008

Symbol: GPIOA_DOUT
   Definitions
      At line 9 in file reg_def.s
   Uses
      None
Comment: GPIOA_DOUT unused
GPIOA_IEN 0000001C

Symbol: GPIOA_IEN
   Definitions
      At line 14 in file reg_def.s
   Uses
      None
Comment: GPIOA_IEN unused
GPIOA_IMD 00000018

Symbol: GPIOA_IMD
   Definitions
      At line 13 in file reg_def.s
   Uses



ARM Macro Assembler    Page 3 Alphabetic symbol ordering
Absolute symbols

      None
Comment: GPIOA_IMD unused
GPIOA_ISRC 00000020

Symbol: GPIOA_ISRC
   Definitions
      At line 15 in file reg_def.s
   Uses
      None
Comment: GPIOA_ISRC unused
GPIOA_OFFD 00000004

Symbol: GPIOA_OFFD
   Definitions
      At line 8 in file reg_def.s
   Uses
      None
Comment: GPIOA_OFFD unused
GPIOA_PIN 00000010

Symbol: GPIOA_PIN
   Definitions
      At line 11 in file reg_def.s
   Uses
      None
Comment: GPIOA_PIN unused
GPIOA_PMD 00000000

Symbol: GPIOA_PMD
   Definitions
      At line 7 in file reg_def.s
   Uses
      None
Comment: GPIOA_PMD unused
GPIOC_DBEN 00000094

Symbol: GPIOC_DBEN
   Definitions
      At line 21 in file reg_def.s
   Uses
      None
Comment: GPIOC_DBEN unused
GPIOC_DMASK 0000008C

Symbol: GPIOC_DMASK
   Definitions
      At line 19 in file reg_def.s
   Uses
      None
Comment: GPIOC_DMASK unused
GPIOC_DOUT 00000088

Symbol: GPIOC_DOUT
   Definitions
      At line 18 in file reg_def.s
   Uses
      None
Comment: GPIOC_DOUT unused
GPIOC_IEN 0000009C



ARM Macro Assembler    Page 4 Alphabetic symbol ordering
Absolute symbols


Symbol: GPIOC_IEN
   Definitions
      At line 23 in file reg_def.s
   Uses
      None
Comment: GPIOC_IEN unused
GPIOC_IMD 00000098

Symbol: GPIOC_IMD
   Definitions
      At line 22 in file reg_def.s
   Uses
      None
Comment: GPIOC_IMD unused
GPIOC_ISRC 000000A0

Symbol: GPIOC_ISRC
   Definitions
      At line 24 in file reg_def.s
   Uses
      None
Comment: GPIOC_ISRC unused
GPIOC_OFFD 00000084

Symbol: GPIOC_OFFD
   Definitions
      At line 17 in file reg_def.s
   Uses
      None
Comment: GPIOC_OFFD unused
GPIOC_PIN 00000090

Symbol: GPIOC_PIN
   Definitions
      At line 20 in file reg_def.s
   Uses
      None
Comment: GPIOC_PIN unused
GPIOC_PMD 00000080

Symbol: GPIOC_PMD
   Definitions
      At line 16 in file reg_def.s
   Uses
      None
Comment: GPIOC_PMD unused
GP_BA 50004000

Symbol: GP_BA
   Definitions
      At line 4 in file reg_def.s
   Uses
      None
Comment: GP_BA unused
IPRSTC2 0000000C

Symbol: IPRSTC2
   Definitions



ARM Macro Assembler    Page 5 Alphabetic symbol ordering
Absolute symbols

      At line 33 in file reg_def.s
   Uses
      None
Comment: IPRSTC2 unused
PLLCON 00000020

Symbol: PLLCON
   Definitions
      At line 48 in file reg_def.s
   Uses
      None
Comment: PLLCON unused
SCS_BA E000E000

Symbol: SCS_BA
   Definitions
      At line 51 in file reg_def.s
   Uses
      At line 6 in file main.s
Comment: SCS_BA used once
SYST_CSR 00000010

Symbol: SYST_CSR
   Definitions
      At line 52 in file reg_def.s
   Uses
      None
Comment: SYST_CSR unused
SYST_CVR 00000018

Symbol: SYST_CVR
   Definitions
      At line 54 in file reg_def.s
   Uses
      None
Comment: SYST_CVR unused
SYST_RVR 00000014

Symbol: SYST_RVR
   Definitions
      At line 53 in file reg_def.s
   Uses
      None
Comment: SYST_RVR unused
UART0_BA 40050000

Symbol: UART0_BA
   Definitions
      At line 6 in file reg_def.s
   Uses
      At line 28 in file main.s
Comment: UART0_BA used once
UA_BAUD 00000024

Symbol: UA_BAUD
   Definitions
      At line 30 in file reg_def.s
   Uses
      None



ARM Macro Assembler    Page 6 Alphabetic symbol ordering
Absolute symbols

Comment: UA_BAUD unused
UA_FCR 00000008

Symbol: UA_FCR
   Definitions
      At line 34 in file reg_def.s
   Uses
      None
Comment: UA_FCR unused
UA_FSR 00000018

Symbol: UA_FSR
   Definitions
      At line 32 in file reg_def.s
   Uses
      At line 31 in file main.s
Comment: UA_FSR used once
UA_FUN_SEL 00000030

Symbol: UA_FUN_SEL
   Definitions
      At line 31 in file reg_def.s
   Uses
      None
Comment: UA_FUN_SEL unused
UA_LCR 0000000C

Symbol: UA_LCR
   Definitions
      At line 29 in file reg_def.s
   Uses
      None
Comment: UA_LCR unused
UA_RBR 00000000

Symbol: UA_RBR
   Definitions
      At line 28 in file reg_def.s
   Uses
      None
Comment: UA_RBR unused
UA_THR 00000000

Symbol: UA_THR
   Definitions
      At line 27 in file reg_def.s
   Uses
      At line 35 in file main.s
      At line 37 in file main.s
      At line 39 in file main.s
      At line 41 in file main.s
      At line 51 in file main.s

UA_TOR 00000020

Symbol: UA_TOR
   Definitions
      At line 35 in file reg_def.s
   Uses



ARM Macro Assembler    Page 7 Alphabetic symbol ordering
Absolute symbols

      None
Comment: UA_TOR unused
44 symbols
383 symbols in table
